{"contracts/Contribution.sol":{"l":{"66":1,"67":1,"71":1,"75":1,"79":1,"80":1,"85":1,"122":1,"124":1,"125":1,"126":1,"129":1,"130":1,"132":1,"133":1,"135":1,"136":1,"137":1,"138":1,"140":1,"141":1,"143":1,"144":1,"146":1,"147":1,"149":1,"150":1,"152":1,"153":1,"156":1,"157":1,"160":1,"162":1,"163":1,"169":1,"175":0,"188":1,"189":1,"190":0,"194":0,"198":0,"202":1,"203":1,"206":1,"207":1,"208":1,"210":0,"214":1,"216":1,"217":1,"219":1,"220":1,"221":1,"222":1,"223":1,"226":1,"227":0,"228":0,"231":1,"232":1,"233":1,"234":1,"236":0,"240":1,"241":0,"245":0,"246":0,"248":0,"257":1,"258":1,"259":1,"262":1,"266":0,"274":0,"275":0,"276":0,"277":0,"279":0,"280":0,"283":0,"288":0,"293":0,"297":0,"298":0,"302":2,"312":0,"317":1,"327":0,"340":0,"341":0,"343":0,"344":0,"345":0,"348":0,"349":0,"350":0,"351":0,"357":0,"362":0},"path":"/home/gabriel/audits/mothership-audit/contracts/Contribution.sol","s":{"1":1,"2":1,"3":1,"4":1,"5":1,"6":1,"7":1,"8":1,"9":1,"10":1,"11":1,"12":1,"13":1,"14":1,"15":1,"16":1,"17":1,"18":1,"19":1,"20":1,"21":1,"22":1,"23":1,"24":1,"25":1,"26":1,"27":1,"28":1,"29":1,"30":1,"31":1,"32":1,"33":1,"34":0,"35":1,"36":1,"37":0,"38":0,"39":0,"40":1,"41":1,"42":1,"43":1,"44":0,"45":1,"46":1,"47":1,"48":1,"49":1,"50":1,"51":1,"52":1,"53":1,"54":0,"55":0,"56":1,"57":1,"58":1,"59":0,"60":1,"61":0,"62":0,"63":1,"64":0,"65":1,"66":0,"67":0,"68":0,"69":0,"70":0,"71":0,"72":0,"73":0,"74":0,"75":0,"76":2,"77":0,"78":1,"79":0,"80":0,"81":0,"82":0,"83":0,"84":0,"85":0,"86":0,"87":0},"b":{"1":[1,0],"2":[1,0],"3":[1,0],"4":[1,0],"5":[1,0],"6":[1,0],"7":[1,0],"8":[1,0],"9":[1,0],"10":[1,0],"11":[1,0],"12":[1,0],"13":[1,0],"14":[1,0],"15":[1,0],"16":[1,0],"17":[1,0],"18":[1,0],"19":[1,0],"20":[1,0],"21":[1,0],"22":[1,0],"23":[1,0],"24":[1,0],"25":[1,0],"26":[0,1],"27":[1,0],"28":[0,0],"29":[0,0],"30":[0,1],"31":[0,0],"32":[0,0],"33":[0,0],"34":[0,0],"35":[0,0],"36":[0,0],"37":[0,0],"38":[0,0],"39":[0,0]},"f":{"1":1,"2":1,"3":1,"4":1,"5":1,"6":1,"7":0,"8":1,"9":0,"10":0,"11":1,"12":1,"13":0,"14":0,"15":2,"16":0,"17":1,"18":0,"19":0,"20":0,"21":0},"fnMap":{"1":{"name":"initialized","line":65,"loc":{"start":{"line":65,"column":2},"end":{"line":65,"column":24}}},"2":{"name":"contributionOpen","line":70,"loc":{"start":{"line":70,"column":2},"end":{"line":70,"column":29}}},"3":{"name":"notPaused","line":78,"loc":{"start":{"line":78,"column":2},"end":{"line":78,"column":22}}},"4":{"name":"Contribution","line":83,"loc":{"start":{"line":83,"column":2},"end":{"line":83,"column":25}}},"5":{"name":"initialize","line":103,"loc":{"start":{"line":103,"column":2},"end":{"line":120,"column":27}}},"6":{"name":"setMinimumInvestment","line":166,"loc":{"start":{"line":166,"column":2},"end":{"line":168,"column":27}}},"7":{"name":null,"line":174,"loc":{"start":{"line":174,"column":2},"end":{"line":174,"column":38}}},"8":{"name":"proxyPayment","line":187,"loc":{"start":{"line":187,"column":2},"end":{"line":187,"column":105}}},"9":{"name":"onTransfer","line":193,"loc":{"start":{"line":193,"column":2},"end":{"line":193,"column":70}}},"10":{"name":"onApprove","line":197,"loc":{"start":{"line":197,"column":2},"end":{"line":197,"column":69}}},"11":{"name":"doBuy","line":201,"loc":{"start":{"line":201,"column":2},"end":{"line":201,"column":38}}},"12":{"name":"isContract","line":256,"loc":{"start":{"line":256,"column":2},"end":{"line":256,"column":69}}},"13":{"name":"finalized","line":265,"loc":{"start":{"line":265,"column":2},"end":{"line":265,"column":44}}},"14":{"name":"finalize","line":273,"loc":{"start":{"line":273,"column":2},"end":{"line":273,"column":40}}},"15":{"name":"percent","line":301,"loc":{"start":{"line":301,"column":2},"end":{"line":301,"column":56}}},"16":{"name":"tokensIssued","line":311,"loc":{"start":{"line":311,"column":2},"end":{"line":311,"column":59}}},"17":{"name":"tokensForSale","line":316,"loc":{"start":{"line":316,"column":2},"end":{"line":316,"column":59}}},"18":{"name":"getBlockNumber","line":326,"loc":{"start":{"line":326,"column":2},"end":{"line":326,"column":63}}},"19":{"name":"claimTokens","line":339,"loc":{"start":{"line":339,"column":2},"end":{"line":339,"column":60}}},"20":{"name":"pauseContribution","line":356,"loc":{"start":{"line":356,"column":2},"end":{"line":356,"column":45}}},"21":{"name":"resumeContribution","line":361,"loc":{"start":{"line":361,"column":2},"end":{"line":361,"column":46}}}},"statementMap":{"1":{"start":{"line":66,"column":4},"end":{"line":66,"column":31}},"2":{"start":{"line":71,"column":4},"end":{"line":71,"column":2254}},"3":{"start":{"line":79,"column":4},"end":{"line":79,"column":19}},"4":{"start":{"line":85,"column":4},"end":{"line":85,"column":17}},"5":{"start":{"line":122,"column":4},"end":{"line":122,"column":31}},"6":{"start":{"line":124,"column":4},"end":{"line":124,"column":27}},"7":{"start":{"line":125,"column":4},"end":{"line":125,"column":34}},"8":{"start":{"line":126,"column":4},"end":{"line":126,"column":45}},"9":{"start":{"line":127,"column":4},"end":{"line":127,"column":32}},"10":{"start":{"line":129,"column":4},"end":{"line":129,"column":33}},"11":{"start":{"line":130,"column":4},"end":{"line":130,"column":33}},"12":{"start":{"line":132,"column":4},"end":{"line":132,"column":29}},"13":{"start":{"line":133,"column":4},"end":{"line":133,"column":31}},"14":{"start":{"line":135,"column":4},"end":{"line":135,"column":43}},"15":{"start":{"line":136,"column":4},"end":{"line":136,"column":35}},"16":{"start":{"line":137,"column":4},"end":{"line":137,"column":27}},"17":{"start":{"line":138,"column":4},"end":{"line":138,"column":23}},"18":{"start":{"line":140,"column":4},"end":{"line":140,"column":31}},"19":{"start":{"line":141,"column":4},"end":{"line":141,"column":29}},"20":{"start":{"line":143,"column":4},"end":{"line":143,"column":33}},"21":{"start":{"line":144,"column":4},"end":{"line":144,"column":33}},"22":{"start":{"line":146,"column":4},"end":{"line":146,"column":34}},"23":{"start":{"line":147,"column":4},"end":{"line":147,"column":35}},"24":{"start":{"line":149,"column":4},"end":{"line":149,"column":38}},"25":{"start":{"line":150,"column":4},"end":{"line":150,"column":43}},"26":{"start":{"line":152,"column":4},"end":{"line":152,"column":23}},"27":{"start":{"line":153,"column":4},"end":{"line":153,"column":27}},"28":{"start":{"line":156,"column":4},"end":{"line":156,"column":66}},"29":{"start":{"line":157,"column":4},"end":{"line":157,"column":35}},"30":{"start":{"line":160,"column":4},"end":{"line":160,"column":74}},"31":{"start":{"line":162,"column":4},"end":{"line":162,"column":31}},"32":{"start":{"line":163,"column":4},"end":{"line":163,"column":38}},"33":{"start":{"line":169,"column":4},"end":{"line":169,"column":43}},"34":{"start":{"line":175,"column":4},"end":{"line":175,"column":27}},"35":{"start":{"line":188,"column":4},"end":{"line":188,"column":22}},"36":{"start":{"line":189,"column":4},"end":{"line":189,"column":13}},"37":{"start":{"line":190,"column":4},"end":{"line":190,"column":15}},"38":{"start":{"line":194,"column":4},"end":{"line":194,"column":16}},"39":{"start":{"line":198,"column":4},"end":{"line":198,"column":16}},"40":{"start":{"line":202,"column":4},"end":{"line":202,"column":38}},"41":{"start":{"line":203,"column":4},"end":{"line":203,"column":43}},"42":{"start":{"line":207,"column":4},"end":{"line":207,"column":6452}},"43":{"start":{"line":208,"column":6},"end":{"line":208,"column":17}},"44":{"start":{"line":210,"column":6},"end":{"line":210,"column":24}},"45":{"start":{"line":214,"column":4},"end":{"line":214,"column":31}},"46":{"start":{"line":216,"column":4},"end":{"line":216,"column":75}},"47":{"start":{"line":217,"column":4},"end":{"line":217,"column":43}},"48":{"start":{"line":219,"column":4},"end":{"line":219,"column":29}},"49":{"start":{"line":220,"column":4},"end":{"line":220,"column":40}},"50":{"start":{"line":221,"column":4},"end":{"line":221,"column":6841}},"51":{"start":{"line":222,"column":6},"end":{"line":222,"column":6867}},"52":{"start":{"line":223,"column":8},"end":{"line":223,"column":57}},"53":{"start":{"line":226,"column":8},"end":{"line":226,"column":7034}},"54":{"start":{"line":227,"column":10},"end":{"line":227,"column":38}},"55":{"start":{"line":228,"column":10},"end":{"line":228,"column":47}},"56":{"start":{"line":231,"column":8},"end":{"line":231,"column":55}},"57":{"start":{"line":232,"column":8},"end":{"line":232,"column":49}},"58":{"start":{"line":234,"column":8},"end":{"line":234,"column":44}},"59":{"start":{"line":236,"column":8},"end":{"line":236,"column":17}},"60":{"start":{"line":240,"column":4},"end":{"line":240,"column":43}},"61":{"start":{"line":241,"column":4},"end":{"line":241,"column":7464}},"62":{"start":{"line":245,"column":6},"end":{"line":245,"column":7638}},"63":{"start":{"line":257,"column":4},"end":{"line":257,"column":32}},"64":{"start":{"line":257,"column":20},"end":{"line":257,"column":32}},"65":{"start":{"line":262,"column":4},"end":{"line":262,"column":21}},"66":{"start":{"line":274,"column":4},"end":{"line":274,"column":42}},"67":{"start":{"line":275,"column":4},"end":{"line":275,"column":60}},"68":{"start":{"line":276,"column":4},"end":{"line":276,"column":91}},"69":{"start":{"line":277,"column":4},"end":{"line":277,"column":31}},"70":{"start":{"line":279,"column":4},"end":{"line":279,"column":36}},"71":{"start":{"line":280,"column":4},"end":{"line":280,"column":22}},"72":{"start":{"line":283,"column":4},"end":{"line":283,"column":8945}},"73":{"start":{"line":288,"column":4},"end":{"line":288,"column":9100}},"74":{"start":{"line":293,"column":4},"end":{"line":293,"column":9226}},"75":{"start":{"line":298,"column":4},"end":{"line":298,"column":14}},"76":{"start":{"line":302,"column":4},"end":{"line":302,"column":24}},"77":{"start":{"line":312,"column":4},"end":{"line":312,"column":28}},"78":{"start":{"line":317,"column":4},"end":{"line":317,"column":78}},"79":{"start":{"line":327,"column":4},"end":{"line":327,"column":23}},"80":{"start":{"line":340,"column":4},"end":{"line":340,"column":10407}},"81":{"start":{"line":343,"column":4},"end":{"line":343,"column":10489}},"82":{"start":{"line":345,"column":6},"end":{"line":345,"column":12}},"83":{"start":{"line":348,"column":4},"end":{"line":348,"column":40}},"84":{"start":{"line":349,"column":4},"end":{"line":349,"column":42}},"85":{"start":{"line":351,"column":4},"end":{"line":351,"column":45}},"86":{"start":{"line":357,"column":4},"end":{"line":357,"column":16}},"87":{"start":{"line":362,"column":4},"end":{"line":362,"column":17}}},"branchMap":{"1":{"line":66,"type":"if","locations":[{"start":{"line":66,"column":4},"end":{"line":66,"column":4}},{"start":{"line":66,"column":4},"end":{"line":66,"column":4}}]},"2":{"line":71,"type":"if","locations":[{"start":{"line":71,"column":4},"end":{"line":71,"column":4}},{"start":{"line":71,"column":4},"end":{"line":71,"column":4}}]},"3":{"line":79,"type":"if","locations":[{"start":{"line":79,"column":4},"end":{"line":79,"column":4}},{"start":{"line":79,"column":4},"end":{"line":79,"column":4}}]},"4":{"line":122,"type":"if","locations":[{"start":{"line":122,"column":4},"end":{"line":122,"column":4}},{"start":{"line":122,"column":4},"end":{"line":122,"column":4}}]},"5":{"line":125,"type":"if","locations":[{"start":{"line":125,"column":4},"end":{"line":125,"column":4}},{"start":{"line":125,"column":4},"end":{"line":125,"column":4}}]},"6":{"line":126,"type":"if","locations":[{"start":{"line":126,"column":4},"end":{"line":126,"column":4}},{"start":{"line":126,"column":4},"end":{"line":126,"column":4}}]},"7":{"line":127,"type":"if","locations":[{"start":{"line":127,"column":4},"end":{"line":127,"column":4}},{"start":{"line":127,"column":4},"end":{"line":127,"column":4}}]},"8":{"line":129,"type":"if","locations":[{"start":{"line":129,"column":4},"end":{"line":129,"column":4}},{"start":{"line":129,"column":4},"end":{"line":129,"column":4}}]},"9":{"line":132,"type":"if","locations":[{"start":{"line":132,"column":4},"end":{"line":132,"column":4}},{"start":{"line":132,"column":4},"end":{"line":132,"column":4}}]},"10":{"line":135,"type":"if","locations":[{"start":{"line":135,"column":4},"end":{"line":135,"column":4}},{"start":{"line":135,"column":4},"end":{"line":135,"column":4}}]},"11":{"line":136,"type":"if","locations":[{"start":{"line":136,"column":4},"end":{"line":136,"column":4}},{"start":{"line":136,"column":4},"end":{"line":136,"column":4}}]},"12":{"line":140,"type":"if","locations":[{"start":{"line":140,"column":4},"end":{"line":140,"column":4}},{"start":{"line":140,"column":4},"end":{"line":140,"column":4}}]},"13":{"line":143,"type":"if","locations":[{"start":{"line":143,"column":4},"end":{"line":143,"column":4}},{"start":{"line":143,"column":4},"end":{"line":143,"column":4}}]},"14":{"line":146,"type":"if","locations":[{"start":{"line":146,"column":4},"end":{"line":146,"column":4}},{"start":{"line":146,"column":4},"end":{"line":146,"column":4}}]},"15":{"line":149,"type":"if","locations":[{"start":{"line":149,"column":4},"end":{"line":149,"column":4}},{"start":{"line":149,"column":4},"end":{"line":149,"column":4}}]},"16":{"line":152,"type":"if","locations":[{"start":{"line":152,"column":4},"end":{"line":152,"column":4}},{"start":{"line":152,"column":4},"end":{"line":152,"column":4}}]},"17":{"line":156,"type":"if","locations":[{"start":{"line":156,"column":4},"end":{"line":156,"column":4}},{"start":{"line":156,"column":4},"end":{"line":156,"column":4}}]},"18":{"line":188,"type":"if","locations":[{"start":{"line":188,"column":4},"end":{"line":188,"column":4}},{"start":{"line":188,"column":4},"end":{"line":188,"column":4}}]},"19":{"line":202,"type":"if","locations":[{"start":{"line":202,"column":4},"end":{"line":202,"column":4}},{"start":{"line":202,"column":4},"end":{"line":202,"column":4}}]},"20":{"line":203,"type":"if","locations":[{"start":{"line":203,"column":4},"end":{"line":203,"column":4}},{"start":{"line":203,"column":4},"end":{"line":203,"column":4}}]},"21":{"line":207,"type":"if","locations":[{"start":{"line":207,"column":4},"end":{"line":207,"column":4}},{"start":{"line":207,"column":4},"end":{"line":207,"column":4}}]},"22":{"line":214,"type":"if","locations":[{"start":{"line":214,"column":4},"end":{"line":214,"column":4}},{"start":{"line":214,"column":4},"end":{"line":214,"column":4}}]},"23":{"line":216,"type":"if","locations":[{"start":{"line":216,"column":4},"end":{"line":216,"column":4}},{"start":{"line":216,"column":4},"end":{"line":216,"column":4}}]},"24":{"line":221,"type":"if","locations":[{"start":{"line":221,"column":4},"end":{"line":221,"column":4}},{"start":{"line":221,"column":4},"end":{"line":221,"column":4}}]},"25":{"line":222,"type":"if","locations":[{"start":{"line":222,"column":6},"end":{"line":222,"column":6}},{"start":{"line":222,"column":6},"end":{"line":222,"column":6}}]},"26":{"line":226,"type":"if","locations":[{"start":{"line":226,"column":8},"end":{"line":226,"column":8}},{"start":{"line":226,"column":8},"end":{"line":226,"column":8}}]},"27":{"line":231,"type":"if","locations":[{"start":{"line":231,"column":8},"end":{"line":231,"column":8}},{"start":{"line":231,"column":8},"end":{"line":231,"column":8}}]},"28":{"line":241,"type":"if","locations":[{"start":{"line":241,"column":4},"end":{"line":241,"column":4}},{"start":{"line":241,"column":4},"end":{"line":241,"column":4}}]},"29":{"line":245,"type":"if","locations":[{"start":{"line":245,"column":6},"end":{"line":245,"column":6}},{"start":{"line":245,"column":6},"end":{"line":245,"column":6}}]},"30":{"line":257,"type":"if","locations":[{"start":{"line":257,"column":4},"end":{"line":257,"column":4}},{"start":{"line":257,"column":4},"end":{"line":257,"column":4}}]},"31":{"line":274,"type":"if","locations":[{"start":{"line":274,"column":4},"end":{"line":274,"column":4}},{"start":{"line":274,"column":4},"end":{"line":274,"column":4}}]},"32":{"line":275,"type":"if","locations":[{"start":{"line":275,"column":4},"end":{"line":275,"column":4}},{"start":{"line":275,"column":4},"end":{"line":275,"column":4}}]},"33":{"line":276,"type":"if","locations":[{"start":{"line":276,"column":4},"end":{"line":276,"column":4}},{"start":{"line":276,"column":4},"end":{"line":276,"column":4}}]},"34":{"line":277,"type":"if","locations":[{"start":{"line":277,"column":4},"end":{"line":277,"column":4}},{"start":{"line":277,"column":4},"end":{"line":277,"column":4}}]},"35":{"line":283,"type":"if","locations":[{"start":{"line":283,"column":4},"end":{"line":283,"column":4}},{"start":{"line":283,"column":4},"end":{"line":283,"column":4}}]},"36":{"line":288,"type":"if","locations":[{"start":{"line":288,"column":4},"end":{"line":288,"column":4}},{"start":{"line":288,"column":4},"end":{"line":288,"column":4}}]},"37":{"line":293,"type":"if","locations":[{"start":{"line":293,"column":4},"end":{"line":293,"column":4}},{"start":{"line":293,"column":4},"end":{"line":293,"column":4}}]},"38":{"line":340,"type":"if","locations":[{"start":{"line":340,"column":4},"end":{"line":340,"column":4}},{"start":{"line":340,"column":4},"end":{"line":340,"column":4}}]},"39":{"line":343,"type":"if","locations":[{"start":{"line":343,"column":4},"end":{"line":343,"column":4}},{"start":{"line":343,"column":4},"end":{"line":343,"column":4}}]}}},"contracts/ContributionWallet.sol":{"l":{"49":1,"50":1,"51":1,"52":1,"53":1,"54":1,"64":0,"66":0},"path":"/home/gabriel/audits/mothership-audit/contracts/ContributionWallet.sol","s":{"1":1,"2":1,"3":1,"4":1,"5":1,"6":1,"7":0,"8":0},"b":{"1":[1,0],"2":[1,0],"3":[1,0],"4":[0,0],"5":[0,0]},"f":{"1":1,"2":1,"3":0},"fnMap":{"1":{"name":"ContributionWallet","line":48,"loc":{"start":{"line":48,"column":4},"end":{"line":48,"column":90}}},"2":{"name":null,"line":58,"loc":{"start":{"line":58,"column":4},"end":{"line":58,"column":28}}},"3":{"name":"withdraw","line":61,"loc":{"start":{"line":61,"column":4},"end":{"line":61,"column":28}}}},"statementMap":{"1":{"start":{"line":49,"column":8},"end":{"line":49,"column":32}},"2":{"start":{"line":50,"column":8},"end":{"line":50,"column":36}},"3":{"start":{"line":51,"column":8},"end":{"line":51,"column":54}},"4":{"start":{"line":52,"column":8},"end":{"line":52,"column":27}},"5":{"start":{"line":53,"column":8},"end":{"line":53,"column":27}},"6":{"start":{"line":54,"column":8},"end":{"line":54,"column":49}},"7":{"start":{"line":62,"column":8},"end":{"line":62,"column":38}},"8":{"start":{"line":64,"column":8},"end":{"line":64,"column":2582}}},"branchMap":{"1":{"line":49,"type":"if","locations":[{"start":{"line":49,"column":8},"end":{"line":49,"column":8}},{"start":{"line":49,"column":8},"end":{"line":49,"column":8}}]},"2":{"line":50,"type":"if","locations":[{"start":{"line":50,"column":8},"end":{"line":50,"column":8}},{"start":{"line":50,"column":8},"end":{"line":50,"column":8}}]},"3":{"line":51,"type":"if","locations":[{"start":{"line":51,"column":8},"end":{"line":51,"column":8}},{"start":{"line":51,"column":8},"end":{"line":51,"column":8}}]},"4":{"line":62,"type":"if","locations":[{"start":{"line":62,"column":8},"end":{"line":62,"column":8}},{"start":{"line":62,"column":8},"end":{"line":62,"column":8}}]},"5":{"line":64,"type":"if","locations":[{"start":{"line":64,"column":8},"end":{"line":64,"column":8}},{"start":{"line":64,"column":8},"end":{"line":64,"column":8}}]}}},"contracts/interface/ApproveAndCallReceiver.sol":{"l":{},"path":"/home/gabriel/audits/mothership-audit/contracts/interface/ApproveAndCallReceiver.sol","s":{},"b":{},"f":{},"fnMap":{},"statementMap":{},"branchMap":{}},"contracts/interface/Burnable.sol":{"l":{"18":4,"19":2,"23":1,"24":1,"33":1},"path":"/home/gabriel/audits/mothership-audit/contracts/interface/Burnable.sol","s":{"1":4,"2":1,"3":21,"4":1},"b":{"1":[2,2],"2":[1,0]},"f":{"1":4,"2":1,"3":21,"4":1},"fnMap":{"1":{"name":"onlyControllerOrBurner","line":17,"loc":{"start":{"line":17,"column":2},"end":{"line":17,"column":49}}},"2":{"name":"onlyBurner","line":22,"loc":{"start":{"line":22,"column":2},"end":{"line":22,"column":21}}},"3":{"name":"Burnable","line":28,"loc":{"start":{"line":28,"column":2},"end":{"line":28,"column":21}}},"4":{"name":"changeBurner","line":32,"loc":{"start":{"line":32,"column":2},"end":{"line":32,"column":54}}}},"statementMap":{"1":{"start":{"line":18,"column":4},"end":{"line":18,"column":85}},"2":{"start":{"line":23,"column":4},"end":{"line":23,"column":31}},"3":{"start":{"line":28,"column":24},"end":{"line":28,"column":42}},"4":{"start":{"line":33,"column":4},"end":{"line":33,"column":22}}},"branchMap":{"1":{"line":18,"type":"if","locations":[{"start":{"line":18,"column":4},"end":{"line":18,"column":4}},{"start":{"line":18,"column":4},"end":{"line":18,"column":4}}]},"2":{"line":23,"type":"if","locations":[{"start":{"line":23,"column":4},"end":{"line":23,"column":4}},{"start":{"line":23,"column":4},"end":{"line":23,"column":4}}]}}},"contracts/interface/Controlled.sol":{"l":{"23":17},"path":"/home/gabriel/audits/mothership-audit/contracts/interface/Controlled.sol","s":{"1":63,"2":3,"3":26,"4":17},"b":{"1":[3,60]},"f":{"1":63,"2":26,"3":17},"fnMap":{"1":{"name":"onlyController","line":14,"loc":{"start":{"line":14,"column":2},"end":{"line":14,"column":25}}},"2":{"name":"Controlled","line":18,"loc":{"start":{"line":18,"column":2},"end":{"line":18,"column":23}}},"3":{"name":"changeController","line":22,"loc":{"start":{"line":22,"column":2},"end":{"line":22,"column":66}}}},"statementMap":{"1":{"start":{"line":14,"column":28},"end":{"line":14,"column":63}},"2":{"start":{"line":14,"column":58},"end":{"line":14,"column":63}},"3":{"start":{"line":18,"column":26},"end":{"line":18,"column":48}},"4":{"start":{"line":23,"column":4},"end":{"line":23,"column":30}}},"branchMap":{"1":{"line":14,"type":"if","locations":[{"start":{"line":14,"column":28},"end":{"line":14,"column":28}},{"start":{"line":14,"column":28},"end":{"line":14,"column":28}}]}}},"contracts/interface/ERC20Token.sol":{"l":{},"path":"/home/gabriel/audits/mothership-audit/contracts/interface/ERC20Token.sol","s":{},"b":{},"f":{},"fnMap":{},"statementMap":{},"branchMap":{}},"contracts/interface/Finalizable.sol":{"l":{},"path":"/home/gabriel/audits/mothership-audit/contracts/interface/Finalizable.sol","s":{},"b":{},"f":{},"fnMap":{},"statementMap":{},"branchMap":{}},"contracts/interface/MiniMeTokenI.sol":{"l":{},"path":"/home/gabriel/audits/mothership-audit/contracts/interface/MiniMeTokenI.sol","s":{},"b":{},"f":{},"fnMap":{},"statementMap":{},"branchMap":{}},"contracts/interface/TokenController.sol":{"l":{},"path":"/home/gabriel/audits/mothership-audit/contracts/interface/TokenController.sol","s":{},"b":{},"f":{},"fnMap":{},"statementMap":{},"branchMap":{}},"contracts/MiniMeToken.sol":{"l":{"95":21,"99":21,"100":21,"101":21,"102":21,"115":6,"116":5,"132":8,"133":8,"136":8,"137":5,"139":5,"151":10,"152":0,"155":10,"158":10,"162":10,"163":10,"164":1,"168":9,"169":1,"170":0,"175":9,"179":9,"181":9,"184":9,"186":9,"192":61,"202":6,"208":6,"211":6,"212":0,"213":0,"216":6,"217":6,"218":6,"228":5,"240":0,"248":0,"255":0,"261":8,"280":84,"282":37,"283":4,"286":33,"291":47,"305":8,"307":4,"308":0,"310":4,"315":4,"340":1,"341":1,"350":1,"353":1,"354":1,"367":23,"369":23,"370":23,"372":23,"373":23,"374":23,"384":2,"385":2,"386":2,"387":2,"388":2,"389":2,"390":2,"391":2,"402":16,"415":76,"418":57,"419":57,"420":0,"423":0,"424":0,"425":0,"426":0,"427":0,"428":0,"430":0,"433":0,"442":68,"444":67,"445":67,"446":67,"448":1,"449":1,"457":17,"458":17,"459":5,"462":5,"467":4,"474":2,"475":1,"476":0,"478":1,"489":198,"501":0,"502":0,"503":0,"506":0,"507":0,"508":0,"509":0,"555":1,"565":1,"566":1},"path":"/home/gabriel/audits/mothership-audit/contracts/MiniMeToken.sol","s":{"1":21,"2":21,"3":21,"4":21,"5":21,"6":21,"7":21,"8":21,"9":6,"10":1,"11":5,"12":8,"13":8,"14":0,"15":8,"16":3,"17":5,"18":5,"19":10,"20":0,"21":10,"22":0,"23":10,"24":0,"25":10,"26":10,"27":1,"28":9,"29":1,"30":0,"31":9,"32":9,"33":9,"34":0,"35":9,"36":9,"37":9,"38":61,"39":6,"40":0,"41":6,"42":0,"43":6,"44":0,"45":0,"46":6,"47":6,"48":6,"49":5,"50":0,"51":0,"52":0,"53":0,"54":8,"55":84,"56":37,"57":4,"58":33,"59":47,"60":8,"61":4,"62":0,"63":4,"64":4,"65":1,"66":0,"67":1,"68":1,"69":1,"70":23,"71":23,"72":0,"73":23,"74":23,"75":23,"76":0,"77":23,"78":23,"79":23,"80":2,"81":2,"82":0,"83":2,"84":2,"85":2,"86":0,"87":2,"88":2,"89":2,"90":16,"91":76,"92":19,"93":57,"94":57,"95":0,"96":0,"97":0,"98":0,"99":0,"100":0,"101":0,"102":0,"103":0,"104":0,"105":68,"106":67,"107":67,"108":67,"109":1,"110":1,"111":17,"112":12,"113":5,"114":4,"115":2,"116":1,"117":0,"118":1,"119":198,"120":0,"121":0,"122":0,"123":0,"124":0,"125":1,"126":1},"b":{"1":[1,5],"2":[8,0],"3":[0,8],"4":[3,5],"5":[0,10],"6":[0,10],"7":[0,10],"8":[1,9],"9":[1,8],"10":[0,1],"11":[0,9],"12":[0,6],"13":[0,6],"14":[0,6],"15":[0,0],"16":[0,0],"17":[37,47],"18":[4,33],"19":[4,4],"20":[0,4],"21":[0,1],"22":[0,23],"23":[0,23],"24":[0,2],"25":[0,2],"26":[19,57],"27":[57,0],"28":[0,0],"29":[0,0],"30":[67,1],"31":[12,5],"32":[1,1],"33":[0,0],"34":[0,0]},"f":{"1":21,"2":6,"3":8,"4":10,"5":61,"6":6,"7":5,"8":0,"9":8,"10":84,"11":8,"12":1,"13":23,"14":2,"15":16,"16":76,"17":68,"18":17,"19":4,"20":2,"21":198,"22":0,"23":1},"fnMap":{"1":{"name":"MiniMeToken","line":86,"loc":{"start":{"line":86,"column":4},"end":{"line":94,"column":7}}},"2":{"name":"transfer","line":114,"loc":{"start":{"line":114,"column":4},"end":{"line":114,"column":72}}},"3":{"name":"transferFrom","line":125,"loc":{"start":{"line":125,"column":4},"end":{"line":126,"column":30}}},"4":{"name":"doTransfer","line":148,"loc":{"start":{"line":148,"column":4},"end":{"line":149,"column":30}}},"5":{"name":"balanceOf","line":191,"loc":{"start":{"line":191,"column":4},"end":{"line":191,"column":71}}},"6":{"name":"approve","line":201,"loc":{"start":{"line":201,"column":4},"end":{"line":201,"column":76}}},"7":{"name":"allowance","line":226,"loc":{"start":{"line":226,"column":4},"end":{"line":227,"column":44}}},"8":{"name":"approveAndCall","line":238,"loc":{"start":{"line":238,"column":4},"end":{"line":239,"column":30}}},"9":{"name":"totalSupply","line":260,"loc":{"start":{"line":260,"column":4},"end":{"line":260,"column":48}}},"10":{"name":"balanceOfAt","line":273,"loc":{"start":{"line":273,"column":4},"end":{"line":274,"column":24}}},"11":{"name":"totalSupplyAt","line":299,"loc":{"start":{"line":299,"column":4},"end":{"line":299,"column":66}}},"12":{"name":"createCloneToken","line":334,"loc":{"start":{"line":334,"column":4},"end":{"line":340,"column":28}}},"13":{"name":"generateTokens","line":366,"loc":{"start":{"line":366,"column":4},"end":{"line":367,"column":37}}},"14":{"name":"destroyTokens","line":383,"loc":{"start":{"line":383,"column":4},"end":{"line":384,"column":53}}},"15":{"name":"enableTransfers","line":402,"loc":{"start":{"line":402,"column":4},"end":{"line":402,"column":65}}},"16":{"name":"getValueAt","line":414,"loc":{"start":{"line":414,"column":4},"end":{"line":415,"column":40}}},"17":{"name":"updateValueAtNow","line":441,"loc":{"start":{"line":441,"column":4},"end":{"line":442,"column":17}}},"18":{"name":"isContract","line":457,"loc":{"start":{"line":457,"column":4},"end":{"line":457,"column":68}}},"19":{"name":"min","line":467,"loc":{"start":{"line":467,"column":4},"end":{"line":467,"column":54}}},"20":{"name":null,"line":474,"loc":{"start":{"line":474,"column":4},"end":{"line":474,"column":22}}},"21":{"name":"getBlockNumber","line":489,"loc":{"start":{"line":489,"column":4},"end":{"line":489,"column":63}}},"22":{"name":"claimTokens","line":501,"loc":{"start":{"line":501,"column":4},"end":{"line":501,"column":53}}},"23":{"name":"createCloneToken","line":548,"loc":{"start":{"line":548,"column":4},"end":{"line":555,"column":29}}}},"statementMap":{"1":{"start":{"line":95,"column":8},"end":{"line":95,"column":55}},"2":{"start":{"line":96,"column":8},"end":{"line":96,"column":24}},"3":{"start":{"line":97,"column":8},"end":{"line":97,"column":31}},"4":{"start":{"line":98,"column":8},"end":{"line":98,"column":28}},"5":{"start":{"line":99,"column":8},"end":{"line":99,"column":46}},"6":{"start":{"line":100,"column":8},"end":{"line":100,"column":49}},"7":{"start":{"line":101,"column":8},"end":{"line":101,"column":43}},"8":{"start":{"line":102,"column":8},"end":{"line":102,"column":39}},"9":{"start":{"line":115,"column":8},"end":{"line":115,"column":36}},"10":{"start":{"line":115,"column":31},"end":{"line":115,"column":36}},"11":{"start":{"line":116,"column":8},"end":{"line":116,"column":51}},"12":{"start":{"line":132,"column":8},"end":{"line":132,"column":5441}},"13":{"start":{"line":133,"column":12},"end":{"line":133,"column":40}},"14":{"start":{"line":133,"column":35},"end":{"line":133,"column":40}},"15":{"start":{"line":136,"column":12},"end":{"line":136,"column":66}},"16":{"start":{"line":136,"column":54},"end":{"line":136,"column":66}},"17":{"start":{"line":137,"column":12},"end":{"line":137,"column":48}},"18":{"start":{"line":139,"column":8},"end":{"line":139,"column":46}},"19":{"start":{"line":151,"column":11},"end":{"line":151,"column":6246}},"20":{"start":{"line":152,"column":15},"end":{"line":152,"column":26}},"21":{"start":{"line":155,"column":11},"end":{"line":155,"column":61}},"22":{"start":{"line":155,"column":56},"end":{"line":155,"column":61}},"23":{"start":{"line":158,"column":11},"end":{"line":158,"column":58}},"24":{"start":{"line":158,"column":53},"end":{"line":158,"column":58}},"25":{"start":{"line":162,"column":11},"end":{"line":162,"column":73}},"26":{"start":{"line":163,"column":11},"end":{"line":163,"column":6718}},"27":{"start":{"line":164,"column":15},"end":{"line":164,"column":27}},"28":{"start":{"line":168,"column":11},"end":{"line":168,"column":6867}},"29":{"start":{"line":169,"column":15},"end":{"line":169,"column":6921}},"30":{"start":{"line":170,"column":15},"end":{"line":170,"column":20}},"31":{"start":{"line":175,"column":11},"end":{"line":175,"column":74}},"32":{"start":{"line":179,"column":11},"end":{"line":179,"column":69}},"33":{"start":{"line":180,"column":11},"end":{"line":180,"column":69}},"34":{"start":{"line":180,"column":64},"end":{"line":180,"column":69}},"35":{"start":{"line":181,"column":11},"end":{"line":181,"column":70}},"36":{"start":{"line":184,"column":11},"end":{"line":184,"column":39}},"37":{"start":{"line":186,"column":11},"end":{"line":186,"column":22}},"38":{"start":{"line":192,"column":8},"end":{"line":192,"column":52}},"39":{"start":{"line":202,"column":8},"end":{"line":202,"column":36}},"40":{"start":{"line":202,"column":31},"end":{"line":202,"column":36}},"41":{"start":{"line":208,"column":8},"end":{"line":208,"column":70}},"42":{"start":{"line":208,"column":65},"end":{"line":208,"column":70}},"43":{"start":{"line":211,"column":8},"end":{"line":211,"column":8936}},"44":{"start":{"line":212,"column":12},"end":{"line":212,"column":8991}},"45":{"start":{"line":213,"column":16},"end":{"line":213,"column":21}},"46":{"start":{"line":216,"column":8},"end":{"line":216,"column":46}},"47":{"start":{"line":217,"column":8},"end":{"line":217,"column":46}},"48":{"start":{"line":218,"column":8},"end":{"line":218,"column":19}},"49":{"start":{"line":228,"column":8},"end":{"line":228,"column":40}},"50":{"start":{"line":240,"column":8},"end":{"line":240,"column":46}},"51":{"start":{"line":240,"column":41},"end":{"line":240,"column":46}},"52":{"start":{"line":248,"column":8},"end":{"line":248,"column":39}},"53":{"start":{"line":255,"column":8},"end":{"line":255,"column":19}},"54":{"start":{"line":261,"column":8},"end":{"line":261,"column":46}},"55":{"start":{"line":281,"column":8},"end":{"line":281,"column":11994}},"56":{"start":{"line":283,"column":12},"end":{"line":283,"column":12110}},"57":{"start":{"line":284,"column":16},"end":{"line":284,"column":94}},"58":{"start":{"line":287,"column":16},"end":{"line":287,"column":24}},"59":{"start":{"line":292,"column":12},"end":{"line":292,"column":61}},"60":{"start":{"line":306,"column":8},"end":{"line":306,"column":13139}},"61":{"start":{"line":308,"column":12},"end":{"line":308,"column":13259}},"62":{"start":{"line":309,"column":16},"end":{"line":309,"column":88}},"63":{"start":{"line":311,"column":16},"end":{"line":311,"column":24}},"64":{"start":{"line":316,"column":12},"end":{"line":316,"column":63}},"65":{"start":{"line":341,"column":8},"end":{"line":341,"column":66}},"66":{"start":{"line":341,"column":33},"end":{"line":341,"column":65}},"67":{"start":{"line":342,"column":8},"end":{"line":342,"column":14648}},"68":{"start":{"line":354,"column":8},"end":{"line":354,"column":57}},"69":{"start":{"line":355,"column":8},"end":{"line":355,"column":34}},"70":{"start":{"line":368,"column":8},"end":{"line":368,"column":77}},"71":{"start":{"line":369,"column":8},"end":{"line":369,"column":60}},"72":{"start":{"line":369,"column":55},"end":{"line":369,"column":60}},"73":{"start":{"line":370,"column":8},"end":{"line":370,"column":69}},"74":{"start":{"line":371,"column":8},"end":{"line":371,"column":49}},"75":{"start":{"line":372,"column":8},"end":{"line":372,"column":66}},"76":{"start":{"line":372,"column":61},"end":{"line":372,"column":66}},"77":{"start":{"line":373,"column":8},"end":{"line":373,"column":70}},"78":{"start":{"line":374,"column":8},"end":{"line":374,"column":35}},"79":{"start":{"line":375,"column":8},"end":{"line":375,"column":19}},"80":{"start":{"line":385,"column":8},"end":{"line":385,"column":77}},"81":{"start":{"line":386,"column":8},"end":{"line":386,"column":43}},"82":{"start":{"line":386,"column":38},"end":{"line":386,"column":43}},"83":{"start":{"line":387,"column":8},"end":{"line":387,"column":69}},"84":{"start":{"line":388,"column":8},"end":{"line":388,"column":51}},"85":{"start":{"line":389,"column":8},"end":{"line":389,"column":48}},"86":{"start":{"line":389,"column":43},"end":{"line":389,"column":48}},"87":{"start":{"line":390,"column":8},"end":{"line":390,"column":72}},"88":{"start":{"line":391,"column":8},"end":{"line":391,"column":35}},"89":{"start":{"line":392,"column":8},"end":{"line":392,"column":19}},"90":{"start":{"line":403,"column":8},"end":{"line":403,"column":43}},"91":{"start":{"line":416,"column":8},"end":{"line":416,"column":45}},"92":{"start":{"line":416,"column":37},"end":{"line":416,"column":45}},"93":{"start":{"line":419,"column":8},"end":{"line":419,"column":17783}},"94":{"start":{"line":420,"column":12},"end":{"line":420,"column":58}},"95":{"start":{"line":421,"column":8},"end":{"line":421,"column":55}},"96":{"start":{"line":421,"column":47},"end":{"line":421,"column":55}},"97":{"start":{"line":424,"column":8},"end":{"line":424,"column":19}},"98":{"start":{"line":425,"column":8},"end":{"line":425,"column":38}},"99":{"start":{"line":426,"column":8},"end":{"line":426,"column":18032}},"100":{"start":{"line":427,"column":12},"end":{"line":427,"column":40}},"101":{"start":{"line":428,"column":12},"end":{"line":428,"column":18111}},"102":{"start":{"line":429,"column":16},"end":{"line":429,"column":24}},"103":{"start":{"line":431,"column":16},"end":{"line":431,"column":26}},"104":{"start":{"line":434,"column":8},"end":{"line":434,"column":37}},"105":{"start":{"line":443,"column":8},"end":{"line":443,"column":18613}},"106":{"start":{"line":445,"column":15},"end":{"line":445,"column":76}},"107":{"start":{"line":446,"column":15},"end":{"line":446,"column":66}},"108":{"start":{"line":447,"column":15},"end":{"line":447,"column":51}},"109":{"start":{"line":449,"column":15},"end":{"line":449,"column":74}},"110":{"start":{"line":450,"column":15},"end":{"line":450,"column":51}},"111":{"start":{"line":459,"column":8},"end":{"line":459,"column":36}},"112":{"start":{"line":459,"column":24},"end":{"line":459,"column":36}},"113":{"start":{"line":463,"column":8},"end":{"line":463,"column":21}},"114":{"start":{"line":468,"column":8},"end":{"line":468,"column":28}},"115":{"start":{"line":475,"column":8},"end":{"line":475,"column":19921}},"116":{"start":{"line":476,"column":12},"end":{"line":476,"column":19976}},"117":{"start":{"line":477,"column":16},"end":{"line":477,"column":21}},"118":{"start":{"line":479,"column":12},"end":{"line":479,"column":17}},"119":{"start":{"line":490,"column":8},"end":{"line":490,"column":27}},"120":{"start":{"line":502,"column":8},"end":{"line":502,"column":20695}},"121":{"start":{"line":504,"column":12},"end":{"line":504,"column":18}},"122":{"start":{"line":507,"column":8},"end":{"line":507,"column":44}},"123":{"start":{"line":508,"column":8},"end":{"line":508,"column":43}},"124":{"start":{"line":510,"column":8},"end":{"line":510,"column":49}},"125":{"start":{"line":556,"column":8},"end":{"line":556,"column":22560}},"126":{"start":{"line":567,"column":8},"end":{"line":567,"column":23}}},"branchMap":{"1":{"line":115,"type":"if","locations":[{"start":{"line":115,"column":8},"end":{"line":115,"column":8}},{"start":{"line":115,"column":8},"end":{"line":115,"column":8}}]},"2":{"line":132,"type":"if","locations":[{"start":{"line":132,"column":8},"end":{"line":132,"column":8}},{"start":{"line":132,"column":8},"end":{"line":132,"column":8}}]},"3":{"line":133,"type":"if","locations":[{"start":{"line":133,"column":12},"end":{"line":133,"column":12}},{"start":{"line":133,"column":12},"end":{"line":133,"column":12}}]},"4":{"line":136,"type":"if","locations":[{"start":{"line":136,"column":12},"end":{"line":136,"column":12}},{"start":{"line":136,"column":12},"end":{"line":136,"column":12}}]},"5":{"line":151,"type":"if","locations":[{"start":{"line":151,"column":11},"end":{"line":151,"column":11}},{"start":{"line":151,"column":11},"end":{"line":151,"column":11}}]},"6":{"line":155,"type":"if","locations":[{"start":{"line":155,"column":11},"end":{"line":155,"column":11}},{"start":{"line":155,"column":11},"end":{"line":155,"column":11}}]},"7":{"line":158,"type":"if","locations":[{"start":{"line":158,"column":11},"end":{"line":158,"column":11}},{"start":{"line":158,"column":11},"end":{"line":158,"column":11}}]},"8":{"line":163,"type":"if","locations":[{"start":{"line":163,"column":11},"end":{"line":163,"column":11}},{"start":{"line":163,"column":11},"end":{"line":163,"column":11}}]},"9":{"line":168,"type":"if","locations":[{"start":{"line":168,"column":11},"end":{"line":168,"column":11}},{"start":{"line":168,"column":11},"end":{"line":168,"column":11}}]},"10":{"line":169,"type":"if","locations":[{"start":{"line":169,"column":15},"end":{"line":169,"column":15}},{"start":{"line":169,"column":15},"end":{"line":169,"column":15}}]},"11":{"line":180,"type":"if","locations":[{"start":{"line":180,"column":11},"end":{"line":180,"column":11}},{"start":{"line":180,"column":11},"end":{"line":180,"column":11}}]},"12":{"line":202,"type":"if","locations":[{"start":{"line":202,"column":8},"end":{"line":202,"column":8}},{"start":{"line":202,"column":8},"end":{"line":202,"column":8}}]},"13":{"line":208,"type":"if","locations":[{"start":{"line":208,"column":8},"end":{"line":208,"column":8}},{"start":{"line":208,"column":8},"end":{"line":208,"column":8}}]},"14":{"line":211,"type":"if","locations":[{"start":{"line":211,"column":8},"end":{"line":211,"column":8}},{"start":{"line":211,"column":8},"end":{"line":211,"column":8}}]},"15":{"line":212,"type":"if","locations":[{"start":{"line":212,"column":12},"end":{"line":212,"column":12}},{"start":{"line":212,"column":12},"end":{"line":212,"column":12}}]},"16":{"line":240,"type":"if","locations":[{"start":{"line":240,"column":8},"end":{"line":240,"column":8}},{"start":{"line":240,"column":8},"end":{"line":240,"column":8}}]},"17":{"line":281,"type":"if","locations":[{"start":{"line":281,"column":8},"end":{"line":281,"column":8}},{"start":{"line":281,"column":8},"end":{"line":281,"column":8}}]},"18":{"line":283,"type":"if","locations":[{"start":{"line":283,"column":12},"end":{"line":283,"column":12}},{"start":{"line":283,"column":12},"end":{"line":283,"column":12}}]},"19":{"line":306,"type":"if","locations":[{"start":{"line":306,"column":8},"end":{"line":306,"column":8}},{"start":{"line":306,"column":8},"end":{"line":306,"column":8}}]},"20":{"line":308,"type":"if","locations":[{"start":{"line":308,"column":12},"end":{"line":308,"column":12}},{"start":{"line":308,"column":12},"end":{"line":308,"column":12}}]},"21":{"line":341,"type":"if","locations":[{"start":{"line":341,"column":8},"end":{"line":341,"column":8}},{"start":{"line":341,"column":8},"end":{"line":341,"column":8}}]},"22":{"line":369,"type":"if","locations":[{"start":{"line":369,"column":8},"end":{"line":369,"column":8}},{"start":{"line":369,"column":8},"end":{"line":369,"column":8}}]},"23":{"line":372,"type":"if","locations":[{"start":{"line":372,"column":8},"end":{"line":372,"column":8}},{"start":{"line":372,"column":8},"end":{"line":372,"column":8}}]},"24":{"line":386,"type":"if","locations":[{"start":{"line":386,"column":8},"end":{"line":386,"column":8}},{"start":{"line":386,"column":8},"end":{"line":386,"column":8}}]},"25":{"line":389,"type":"if","locations":[{"start":{"line":389,"column":8},"end":{"line":389,"column":8}},{"start":{"line":389,"column":8},"end":{"line":389,"column":8}}]},"26":{"line":416,"type":"if","locations":[{"start":{"line":416,"column":8},"end":{"line":416,"column":8}},{"start":{"line":416,"column":8},"end":{"line":416,"column":8}}]},"27":{"line":419,"type":"if","locations":[{"start":{"line":419,"column":8},"end":{"line":419,"column":8}},{"start":{"line":419,"column":8},"end":{"line":419,"column":8}}]},"28":{"line":421,"type":"if","locations":[{"start":{"line":421,"column":8},"end":{"line":421,"column":8}},{"start":{"line":421,"column":8},"end":{"line":421,"column":8}}]},"29":{"line":428,"type":"if","locations":[{"start":{"line":428,"column":12},"end":{"line":428,"column":12}},{"start":{"line":428,"column":12},"end":{"line":428,"column":12}}]},"30":{"line":443,"type":"if","locations":[{"start":{"line":443,"column":8},"end":{"line":443,"column":8}},{"start":{"line":443,"column":8},"end":{"line":443,"column":8}}]},"31":{"line":459,"type":"if","locations":[{"start":{"line":459,"column":8},"end":{"line":459,"column":8}},{"start":{"line":459,"column":8},"end":{"line":459,"column":8}}]},"32":{"line":475,"type":"if","locations":[{"start":{"line":475,"column":8},"end":{"line":475,"column":8}},{"start":{"line":475,"column":8},"end":{"line":475,"column":8}}]},"33":{"line":476,"type":"if","locations":[{"start":{"line":476,"column":12},"end":{"line":476,"column":12}},{"start":{"line":476,"column":12},"end":{"line":476,"column":12}}]},"34":{"line":502,"type":"if","locations":[{"start":{"line":502,"column":8},"end":{"line":502,"column":8}},{"start":{"line":502,"column":8},"end":{"line":502,"column":8}}]}}},"contracts/misc/Migrations.sol":{"l":{"8":0,"12":1,"16":0,"20":0,"21":0},"path":"/home/gabriel/audits/mothership-audit/contracts/misc/Migrations.sol","s":{"1":0,"2":1,"3":0,"4":0},"b":{"1":[0,0]},"f":{"1":0,"2":1,"3":0,"4":0},"fnMap":{"1":{"name":"restricted","line":7,"loc":{"start":{"line":7,"column":2},"end":{"line":7,"column":23}}},"2":{"name":"Migrations","line":11,"loc":{"start":{"line":11,"column":2},"end":{"line":11,"column":23}}},"3":{"name":"setCompleted","line":15,"loc":{"start":{"line":15,"column":2},"end":{"line":15,"column":50}}},"4":{"name":"upgrade","line":19,"loc":{"start":{"line":19,"column":2},"end":{"line":19,"column":50}}}},"statementMap":{"1":{"start":{"line":8,"column":4},"end":{"line":8,"column":30}},"2":{"start":{"line":12,"column":4},"end":{"line":12,"column":21}},"3":{"start":{"line":16,"column":4},"end":{"line":16,"column":39}},"4":{"start":{"line":20,"column":4},"end":{"line":20,"column":48}}},"branchMap":{"1":{"line":8,"type":"if","locations":[{"start":{"line":8,"column":4},"end":{"line":8,"column":4}},{"start":{"line":8,"column":4},"end":{"line":8,"column":4}}]}}},"contracts/misc/SafeMath.sol":{"l":{"9":4,"10":4,"11":4,"16":1,"18":1,"22":2,"23":1,"27":1,"28":1,"29":1,"33":0,"37":0,"41":0,"45":0},"path":"/home/gabriel/audits/mothership-audit/contracts/misc/SafeMath.sol","s":{"1":4,"2":4,"3":4,"4":1,"5":1,"6":2,"7":1,"8":1,"9":1,"10":1,"11":0,"12":0,"13":0,"14":0},"b":{"1":[4,0],"2":[1,1],"3":[1,0]},"f":{"1":4,"2":1,"3":2,"4":1,"5":0,"6":0,"7":0,"8":0},"fnMap":{"1":{"name":"mul","line":8,"loc":{"start":{"line":8,"column":2},"end":{"line":8,"column":54}}},"2":{"name":"div","line":14,"loc":{"start":{"line":14,"column":2},"end":{"line":14,"column":54}}},"3":{"name":"sub","line":21,"loc":{"start":{"line":21,"column":2},"end":{"line":21,"column":54}}},"4":{"name":"add","line":26,"loc":{"start":{"line":26,"column":2},"end":{"line":26,"column":54}}},"5":{"name":"max64","line":32,"loc":{"start":{"line":32,"column":2},"end":{"line":32,"column":71}}},"6":{"name":"min64","line":36,"loc":{"start":{"line":36,"column":2},"end":{"line":36,"column":71}}},"7":{"name":"max256","line":40,"loc":{"start":{"line":40,"column":2},"end":{"line":40,"column":75}}},"8":{"name":"min256","line":44,"loc":{"start":{"line":44,"column":2},"end":{"line":44,"column":75}}}},"statementMap":{"1":{"start":{"line":9,"column":4},"end":{"line":9,"column":17}},"2":{"start":{"line":10,"column":4},"end":{"line":10,"column":31}},"3":{"start":{"line":11,"column":4},"end":{"line":11,"column":12}},"4":{"start":{"line":16,"column":4},"end":{"line":16,"column":17}},"5":{"start":{"line":18,"column":4},"end":{"line":18,"column":12}},"6":{"start":{"line":22,"column":4},"end":{"line":22,"column":17}},"7":{"start":{"line":23,"column":4},"end":{"line":23,"column":16}},"8":{"start":{"line":27,"column":4},"end":{"line":27,"column":17}},"9":{"start":{"line":28,"column":4},"end":{"line":28,"column":17}},"10":{"start":{"line":29,"column":4},"end":{"line":29,"column":12}},"11":{"start":{"line":33,"column":4},"end":{"line":33,"column":25}},"12":{"start":{"line":37,"column":4},"end":{"line":37,"column":24}},"13":{"start":{"line":41,"column":4},"end":{"line":41,"column":25}},"14":{"start":{"line":45,"column":4},"end":{"line":45,"column":24}}},"branchMap":{"1":{"line":10,"type":"if","locations":[{"start":{"line":10,"column":4},"end":{"line":10,"column":4}},{"start":{"line":10,"column":4},"end":{"line":10,"column":4}}]},"2":{"line":22,"type":"if","locations":[{"start":{"line":22,"column":4},"end":{"line":22,"column":4}},{"start":{"line":22,"column":4},"end":{"line":22,"column":4}}]},"3":{"line":28,"type":"if","locations":[{"start":{"line":28,"column":4},"end":{"line":28,"column":4}},{"start":{"line":28,"column":4},"end":{"line":28,"column":4}}]}}},"contracts/MSP.sol":{"l":{},"path":"/home/gabriel/audits/mothership-audit/contracts/MSP.sol","s":{},"b":{},"f":{"1":17},"fnMap":{"1":{"name":"MSP","line":11,"loc":{"start":{"line":11,"column":2},"end":{"line":20,"column":19}}}},"statementMap":{},"branchMap":{}},"contracts/MSPPlaceholder.sol":{"l":{"54":1,"55":1,"56":1,"57":1,"65":0,"66":0,"76":0,"80":0,"84":0,"89":0,"90":0,"91":0,"92":0,"94":0,"97":0,"107":0,"120":0,"121":0,"123":0,"124":0,"125":0,"128":0,"129":0,"130":0,"131":0},"path":"/home/gabriel/audits/mothership-audit/contracts/MSPPlaceholder.sol","s":{"1":1,"2":1,"3":1,"4":1,"5":0,"6":0,"7":0,"8":0,"9":0,"10":0,"11":0,"12":0,"13":0,"14":0,"15":0,"16":0,"17":0,"18":0,"19":0,"20":0,"21":0},"b":{"1":[0,0],"2":[0,0],"3":[0,0],"4":[0,0]},"f":{"1":1,"2":0,"3":0,"4":0,"5":0,"6":0,"7":0,"8":0},"fnMap":{"1":{"name":"MSPPlaceHolder","line":53,"loc":{"start":{"line":53,"column":2},"end":{"line":53,"column":106}}},"2":{"name":"changeController","line":64,"loc":{"start":{"line":64,"column":2},"end":{"line":64,"column":73}}},"3":{"name":"proxyPayment","line":75,"loc":{"start":{"line":75,"column":2},"end":{"line":75,"column":62}}},"4":{"name":"onTransfer","line":79,"loc":{"start":{"line":79,"column":2},"end":{"line":79,"column":76}}},"5":{"name":"onApprove","line":83,"loc":{"start":{"line":83,"column":2},"end":{"line":83,"column":75}}},"6":{"name":"transferable","line":87,"loc":{"start":{"line":87,"column":2},"end":{"line":87,"column":62}}},"7":{"name":"getTime","line":106,"loc":{"start":{"line":106,"column":2},"end":{"line":106,"column":47}}},"8":{"name":"claimTokens","line":119,"loc":{"start":{"line":119,"column":2},"end":{"line":119,"column":60}}}},"statementMap":{"1":{"start":{"line":54,"column":4},"end":{"line":54,"column":27}},"2":{"start":{"line":55,"column":4},"end":{"line":55,"column":27}},"3":{"start":{"line":56,"column":4},"end":{"line":56,"column":45}},"4":{"start":{"line":57,"column":4},"end":{"line":57,"column":31}},"5":{"start":{"line":66,"column":4},"end":{"line":66,"column":36}},"6":{"start":{"line":76,"column":4},"end":{"line":76,"column":16}},"7":{"start":{"line":80,"column":4},"end":{"line":80,"column":30}},"8":{"start":{"line":84,"column":4},"end":{"line":84,"column":30}},"9":{"start":{"line":89,"column":4},"end":{"line":89,"column":3179}},"10":{"start":{"line":90,"column":6},"end":{"line":90,"column":45}},"11":{"start":{"line":91,"column":6},"end":{"line":91,"column":3262}},"12":{"start":{"line":92,"column":8},"end":{"line":92,"column":39}},"13":{"start":{"line":94,"column":8},"end":{"line":94,"column":20}},"14":{"start":{"line":97,"column":4},"end":{"line":97,"column":66}},"15":{"start":{"line":107,"column":4},"end":{"line":107,"column":14}},"16":{"start":{"line":120,"column":4},"end":{"line":120,"column":3989}},"17":{"start":{"line":123,"column":4},"end":{"line":123,"column":4071}},"18":{"start":{"line":125,"column":6},"end":{"line":125,"column":12}},"19":{"start":{"line":128,"column":4},"end":{"line":128,"column":40}},"20":{"start":{"line":129,"column":4},"end":{"line":129,"column":42}},"21":{"start":{"line":131,"column":4},"end":{"line":131,"column":45}}},"branchMap":{"1":{"line":89,"type":"if","locations":[{"start":{"line":89,"column":4},"end":{"line":89,"column":4}},{"start":{"line":89,"column":4},"end":{"line":89,"column":4}}]},"2":{"line":91,"type":"if","locations":[{"start":{"line":91,"column":6},"end":{"line":91,"column":6}},{"start":{"line":91,"column":6},"end":{"line":91,"column":6}}]},"3":{"line":120,"type":"if","locations":[{"start":{"line":120,"column":4},"end":{"line":120,"column":4}},{"start":{"line":120,"column":4},"end":{"line":120,"column":4}}]},"4":{"line":123,"type":"if","locations":[{"start":{"line":123,"column":4},"end":{"line":123,"column":4}},{"start":{"line":123,"column":4},"end":{"line":123,"column":4}}]}}},"contracts/MultiSigWallet.sol":{"l":{"35":0,"36":0,"37":0,"41":0,"42":0,"43":0,"47":0,"48":0,"49":0,"53":0,"54":0,"55":0,"59":0,"60":0,"61":0,"65":0,"66":0,"67":0,"71":0,"72":0,"73":0,"77":0,"78":0,"79":0,"83":4,"87":0,"88":4,"95":0,"96":0,"109":4,"110":4,"111":0,"112":4,"114":4,"115":4,"127":0,"128":0,"129":0,"139":0,"140":0,"141":0,"142":0,"143":0,"145":0,"146":0,"147":0,"148":0,"160":0,"161":0,"162":0,"163":0,"165":0,"166":0,"167":0,"168":0,"178":0,"179":0,"191":0,"192":0,"203":0,"204":0,"205":0,"216":0,"217":0,"226":0,"227":0,"228":0,"229":0,"230":0,"232":0,"233":0,"245":0,"246":0,"247":0,"248":0,"249":0,"250":0,"267":0,"268":0,"274":0,"275":0,"288":0,"289":0,"290":0,"301":0,"302":0,"304":0,"313":0,"323":0,"324":0,"325":0,"326":0,"327":0,"328":0,"329":0,"331":0,"332":0,"333":0,"346":0,"347":0,"348":0,"349":0,"350":0,"353":0,"354":0,"356":0,"357":0,"358":0},"path":"/home/gabriel/audits/mothership-audit/contracts/MultiSigWallet.sol","s":{"1":0,"2":0,"3":0,"4":0,"5":0,"6":0,"7":0,"8":0,"9":0,"10":0,"11":0,"12":0,"13":0,"14":0,"15":0,"16":0,"17":4,"18":0,"19":0,"20":0,"21":4,"22":4,"23":0,"24":4,"25":4,"26":4,"27":0,"28":0,"29":0,"30":0,"31":0,"32":0,"33":0,"34":0,"35":0,"36":0,"37":0,"38":0,"39":0,"40":0,"41":0,"42":0,"43":0,"44":0,"45":0,"46":0,"47":0,"48":0,"49":0,"50":0,"51":0,"52":0,"53":0,"54":0,"55":0,"56":0,"57":0,"58":0,"59":0,"60":0,"61":0,"62":0,"63":0,"64":0,"65":0,"66":0,"67":0,"68":0,"69":0,"70":0,"71":0,"72":0,"73":0,"74":0,"75":0,"76":0,"77":0,"78":0,"79":0,"80":0,"81":0,"82":0,"83":0,"84":0,"85":0,"86":0,"87":0,"88":0,"89":0,"90":0,"91":0,"92":0,"93":0,"94":0},"b":{"1":[0,0],"2":[0,0],"3":[0,0],"4":[0,0],"5":[0,0],"6":[0,0],"7":[0,0],"8":[0,0],"9":[0,4],"10":[0,0],"11":[0,4],"12":[0,0],"13":[0,0],"14":[0,0],"15":[0,0],"16":[0,0],"17":[0,0],"18":[0,0],"19":[0,0],"20":[0,0],"21":[0,0],"22":[0,0]},"f":{"1":0,"2":0,"3":0,"4":0,"5":0,"6":0,"7":0,"8":0,"9":4,"10":0,"11":4,"12":0,"13":0,"14":0,"15":0,"16":0,"17":0,"18":0,"19":0,"20":0,"21":0,"22":0,"23":0,"24":0,"25":0,"26":0},"fnMap":{"1":{"name":"onlyWallet","line":34,"loc":{"start":{"line":34,"column":4},"end":{"line":34,"column":23}}},"2":{"name":"ownerDoesNotExist","line":40,"loc":{"start":{"line":40,"column":4},"end":{"line":40,"column":43}}},"3":{"name":"ownerExists","line":46,"loc":{"start":{"line":46,"column":4},"end":{"line":46,"column":37}}},"4":{"name":"transactionExists","line":52,"loc":{"start":{"line":52,"column":4},"end":{"line":52,"column":48}}},"5":{"name":"confirmed","line":58,"loc":{"start":{"line":58,"column":4},"end":{"line":58,"column":55}}},"6":{"name":"notConfirmed","line":64,"loc":{"start":{"line":64,"column":4},"end":{"line":64,"column":58}}},"7":{"name":"notExecuted","line":70,"loc":{"start":{"line":70,"column":4},"end":{"line":70,"column":42}}},"8":{"name":"notNull","line":76,"loc":{"start":{"line":76,"column":4},"end":{"line":76,"column":36}}},"9":{"name":"validRequirement","line":82,"loc":{"start":{"line":82,"column":4},"end":{"line":82,"column":60}}},"10":{"name":null,"line":92,"loc":{"start":{"line":92,"column":4},"end":{"line":94,"column":5}}},"11":{"name":"MultiSigWallet","line":105,"loc":{"start":{"line":105,"column":4},"end":{"line":108,"column":5}}},"12":{"name":"addOwner","line":120,"loc":{"start":{"line":120,"column":4},"end":{"line":126,"column":5}}},"13":{"name":"removeOwner","line":134,"loc":{"start":{"line":134,"column":4},"end":{"line":138,"column":5}}},"14":{"name":"replaceOwner","line":154,"loc":{"start":{"line":154,"column":4},"end":{"line":159,"column":5}}},"15":{"name":"changeRequirement","line":173,"loc":{"start":{"line":173,"column":4},"end":{"line":177,"column":5}}},"16":{"name":"submitTransaction","line":187,"loc":{"start":{"line":187,"column":4},"end":{"line":190,"column":5}}},"17":{"name":"confirmTransaction","line":197,"loc":{"start":{"line":197,"column":4},"end":{"line":202,"column":5}}},"18":{"name":"revokeConfirmation","line":210,"loc":{"start":{"line":210,"column":4},"end":{"line":215,"column":5}}},"19":{"name":"executeTransaction","line":222,"loc":{"start":{"line":222,"column":4},"end":{"line":225,"column":5}}},"20":{"name":"isConfirmed","line":241,"loc":{"start":{"line":241,"column":4},"end":{"line":245,"column":5}}},"21":{"name":"addTransaction","line":263,"loc":{"start":{"line":263,"column":4},"end":{"line":267,"column":5}}},"22":{"name":"getConfirmationCount","line":285,"loc":{"start":{"line":285,"column":4},"end":{"line":289,"column":5}}},"23":{"name":"getTransactionCount","line":299,"loc":{"start":{"line":299,"column":4},"end":{"line":303,"column":5}}},"24":{"name":"getOwners","line":312,"loc":{"start":{"line":312,"column":4},"end":{"line":316,"column":5}}},"25":{"name":"getConfirmations","line":323,"loc":{"start":{"line":323,"column":4},"end":{"line":327,"column":5}}},"26":{"name":"getTransactionIds","line":347,"loc":{"start":{"line":347,"column":4},"end":{"line":351,"column":5}}}},"statementMap":{"1":{"start":{"line":35,"column":8},"end":{"line":35,"column":1213}},"2":{"start":{"line":36,"column":12},"end":{"line":36,"column":17}},"3":{"start":{"line":41,"column":8},"end":{"line":41,"column":1339}},"4":{"start":{"line":42,"column":12},"end":{"line":42,"column":17}},"5":{"start":{"line":47,"column":8},"end":{"line":47,"column":1446}},"6":{"start":{"line":48,"column":12},"end":{"line":48,"column":17}},"7":{"start":{"line":53,"column":8},"end":{"line":53,"column":1565}},"8":{"start":{"line":54,"column":12},"end":{"line":54,"column":17}},"9":{"start":{"line":59,"column":8},"end":{"line":59,"column":1720}},"10":{"start":{"line":60,"column":12},"end":{"line":60,"column":17}},"11":{"start":{"line":65,"column":8},"end":{"line":65,"column":1870}},"12":{"start":{"line":66,"column":12},"end":{"line":66,"column":17}},"13":{"start":{"line":71,"column":8},"end":{"line":71,"column":2003}},"14":{"start":{"line":72,"column":12},"end":{"line":72,"column":17}},"15":{"start":{"line":77,"column":8},"end":{"line":77,"column":2131}},"16":{"start":{"line":78,"column":12},"end":{"line":78,"column":17}},"17":{"start":{"line":83,"column":8},"end":{"line":83,"column":2260}},"18":{"start":{"line":87,"column":12},"end":{"line":87,"column":17}},"19":{"start":{"line":95,"column":8},"end":{"line":95,"column":2559}},"20":{"start":{"line":96,"column":12},"end":{"line":96,"column":41}},"21":{"start":{"line":109,"column":8},"end":{"line":109,"column":2976}},"22":{"start":{"line":110,"column":12},"end":{"line":110,"column":3041}},"23":{"start":{"line":111,"column":16},"end":{"line":111,"column":21}},"24":{"start":{"line":112,"column":12},"end":{"line":112,"column":37}},"25":{"start":{"line":114,"column":8},"end":{"line":114,"column":23}},"26":{"start":{"line":115,"column":8},"end":{"line":115,"column":27}},"27":{"start":{"line":127,"column":8},"end":{"line":127,"column":28}},"28":{"start":{"line":129,"column":8},"end":{"line":129,"column":27}},"29":{"start":{"line":139,"column":8},"end":{"line":139,"column":29}},"30":{"start":{"line":140,"column":8},"end":{"line":140,"column":3880}},"31":{"start":{"line":141,"column":12},"end":{"line":141,"column":3933}},"32":{"start":{"line":142,"column":16},"end":{"line":142,"column":52}},"33":{"start":{"line":145,"column":8},"end":{"line":145,"column":25}},"34":{"start":{"line":146,"column":8},"end":{"line":146,"column":4119}},"35":{"start":{"line":147,"column":12},"end":{"line":147,"column":43}},"36":{"start":{"line":148,"column":8},"end":{"line":148,"column":26}},"37":{"start":{"line":160,"column":8},"end":{"line":160,"column":4562}},"38":{"start":{"line":161,"column":12},"end":{"line":161,"column":4611}},"39":{"start":{"line":162,"column":16},"end":{"line":162,"column":35}},"40":{"start":{"line":165,"column":8},"end":{"line":165,"column":29}},"41":{"start":{"line":166,"column":8},"end":{"line":166,"column":31}},"42":{"start":{"line":167,"column":8},"end":{"line":167,"column":26}},"43":{"start":{"line":168,"column":8},"end":{"line":168,"column":30}},"44":{"start":{"line":178,"column":8},"end":{"line":178,"column":27}},"45":{"start":{"line":179,"column":8},"end":{"line":179,"column":35}},"46":{"start":{"line":191,"column":8},"end":{"line":191,"column":63}},"47":{"start":{"line":192,"column":8},"end":{"line":192,"column":40}},"48":{"start":{"line":203,"column":8},"end":{"line":203,"column":54}},"49":{"start":{"line":204,"column":8},"end":{"line":204,"column":46}},"50":{"start":{"line":205,"column":8},"end":{"line":205,"column":40}},"51":{"start":{"line":216,"column":8},"end":{"line":216,"column":55}},"52":{"start":{"line":217,"column":8},"end":{"line":217,"column":44}},"53":{"start":{"line":226,"column":8},"end":{"line":226,"column":6813}},"54":{"start":{"line":227,"column":12},"end":{"line":227,"column":55}},"55":{"start":{"line":228,"column":12},"end":{"line":228,"column":29}},"56":{"start":{"line":229,"column":12},"end":{"line":229,"column":6953}},"57":{"start":{"line":230,"column":16},"end":{"line":230,"column":39}},"58":{"start":{"line":232,"column":16},"end":{"line":232,"column":46}},"59":{"start":{"line":233,"column":16},"end":{"line":233,"column":34}},"60":{"start":{"line":246,"column":8},"end":{"line":246,"column":21}},"61":{"start":{"line":247,"column":8},"end":{"line":247,"column":7460}},"62":{"start":{"line":248,"column":12},"end":{"line":248,"column":7529}},"63":{"start":{"line":249,"column":16},"end":{"line":249,"column":25}},"64":{"start":{"line":250,"column":12},"end":{"line":250,"column":7615}},"65":{"start":{"line":251,"column":16},"end":{"line":251,"column":27}},"66":{"start":{"line":268,"column":8},"end":{"line":268,"column":39}},"67":{"start":{"line":269,"column":8},"end":{"line":269,"column":8205}},"68":{"start":{"line":275,"column":8},"end":{"line":275,"column":28}},"69":{"start":{"line":276,"column":8},"end":{"line":276,"column":32}},"70":{"start":{"line":290,"column":8},"end":{"line":290,"column":8787}},"71":{"start":{"line":291,"column":12},"end":{"line":291,"column":8836}},"72":{"start":{"line":292,"column":16},"end":{"line":292,"column":25}},"73":{"start":{"line":304,"column":8},"end":{"line":304,"column":9310}},"74":{"start":{"line":305,"column":12},"end":{"line":305,"column":9362}},"75":{"start":{"line":307,"column":16},"end":{"line":307,"column":25}},"76":{"start":{"line":317,"column":8},"end":{"line":317,"column":21}},"77":{"start":{"line":328,"column":8},"end":{"line":328,"column":72}},"78":{"start":{"line":329,"column":8},"end":{"line":329,"column":21}},"79":{"start":{"line":331,"column":8},"end":{"line":331,"column":10110}},"80":{"start":{"line":332,"column":12},"end":{"line":332,"column":10154}},"81":{"start":{"line":333,"column":16},"end":{"line":333,"column":51}},"82":{"start":{"line":334,"column":16},"end":{"line":334,"column":25}},"83":{"start":{"line":336,"column":8},"end":{"line":336,"column":44}},"84":{"start":{"line":337,"column":8},"end":{"line":337,"column":10392}},"85":{"start":{"line":338,"column":12},"end":{"line":338,"column":51}},"86":{"start":{"line":352,"column":8},"end":{"line":352,"column":70}},"87":{"start":{"line":353,"column":8},"end":{"line":353,"column":21}},"88":{"start":{"line":355,"column":8},"end":{"line":355,"column":11060}},"89":{"start":{"line":356,"column":12},"end":{"line":356,"column":11107}},"90":{"start":{"line":359,"column":16},"end":{"line":359,"column":44}},"91":{"start":{"line":360,"column":16},"end":{"line":360,"column":25}},"92":{"start":{"line":362,"column":8},"end":{"line":362,"column":46}},"93":{"start":{"line":363,"column":8},"end":{"line":363,"column":11417}},"94":{"start":{"line":364,"column":12},"end":{"line":364,"column":60}}},"branchMap":{"1":{"line":35,"type":"if","locations":[{"start":{"line":35,"column":8},"end":{"line":35,"column":8}},{"start":{"line":35,"column":8},"end":{"line":35,"column":8}}]},"2":{"line":41,"type":"if","locations":[{"start":{"line":41,"column":8},"end":{"line":41,"column":8}},{"start":{"line":41,"column":8},"end":{"line":41,"column":8}}]},"3":{"line":47,"type":"if","locations":[{"start":{"line":47,"column":8},"end":{"line":47,"column":8}},{"start":{"line":47,"column":8},"end":{"line":47,"column":8}}]},"4":{"line":53,"type":"if","locations":[{"start":{"line":53,"column":8},"end":{"line":53,"column":8}},{"start":{"line":53,"column":8},"end":{"line":53,"column":8}}]},"5":{"line":59,"type":"if","locations":[{"start":{"line":59,"column":8},"end":{"line":59,"column":8}},{"start":{"line":59,"column":8},"end":{"line":59,"column":8}}]},"6":{"line":65,"type":"if","locations":[{"start":{"line":65,"column":8},"end":{"line":65,"column":8}},{"start":{"line":65,"column":8},"end":{"line":65,"column":8}}]},"7":{"line":71,"type":"if","locations":[{"start":{"line":71,"column":8},"end":{"line":71,"column":8}},{"start":{"line":71,"column":8},"end":{"line":71,"column":8}}]},"8":{"line":77,"type":"if","locations":[{"start":{"line":77,"column":8},"end":{"line":77,"column":8}},{"start":{"line":77,"column":8},"end":{"line":77,"column":8}}]},"9":{"line":83,"type":"if","locations":[{"start":{"line":83,"column":8},"end":{"line":83,"column":8}},{"start":{"line":83,"column":8},"end":{"line":83,"column":8}}]},"10":{"line":95,"type":"if","locations":[{"start":{"line":95,"column":8},"end":{"line":95,"column":8}},{"start":{"line":95,"column":8},"end":{"line":95,"column":8}}]},"11":{"line":110,"type":"if","locations":[{"start":{"line":110,"column":12},"end":{"line":110,"column":12}},{"start":{"line":110,"column":12},"end":{"line":110,"column":12}}]},"12":{"line":141,"type":"if","locations":[{"start":{"line":141,"column":12},"end":{"line":141,"column":12}},{"start":{"line":141,"column":12},"end":{"line":141,"column":12}}]},"13":{"line":146,"type":"if","locations":[{"start":{"line":146,"column":8},"end":{"line":146,"column":8}},{"start":{"line":146,"column":8},"end":{"line":146,"column":8}}]},"14":{"line":161,"type":"if","locations":[{"start":{"line":161,"column":12},"end":{"line":161,"column":12}},{"start":{"line":161,"column":12},"end":{"line":161,"column":12}}]},"15":{"line":226,"type":"if","locations":[{"start":{"line":226,"column":8},"end":{"line":226,"column":8}},{"start":{"line":226,"column":8},"end":{"line":226,"column":8}}]},"16":{"line":229,"type":"if","locations":[{"start":{"line":229,"column":12},"end":{"line":229,"column":12}},{"start":{"line":229,"column":12},"end":{"line":229,"column":12}}]},"17":{"line":248,"type":"if","locations":[{"start":{"line":248,"column":12},"end":{"line":248,"column":12}},{"start":{"line":248,"column":12},"end":{"line":248,"column":12}}]},"18":{"line":250,"type":"if","locations":[{"start":{"line":250,"column":12},"end":{"line":250,"column":12}},{"start":{"line":250,"column":12},"end":{"line":250,"column":12}}]},"19":{"line":291,"type":"if","locations":[{"start":{"line":291,"column":12},"end":{"line":291,"column":12}},{"start":{"line":291,"column":12},"end":{"line":291,"column":12}}]},"20":{"line":305,"type":"if","locations":[{"start":{"line":305,"column":12},"end":{"line":305,"column":12}},{"start":{"line":305,"column":12},"end":{"line":305,"column":12}}]},"21":{"line":332,"type":"if","locations":[{"start":{"line":332,"column":12},"end":{"line":332,"column":12}},{"start":{"line":332,"column":12},"end":{"line":332,"column":12}}]},"22":{"line":356,"type":"if","locations":[{"start":{"line":356,"column":12},"end":{"line":356,"column":12}},{"start":{"line":356,"column":12},"end":{"line":356,"column":12}}]}}},"contracts/ReferalsTokenHolder.sol":{"l":{"13":2,"17":2,"18":1,"20":1,"21":1,"22":1,"23":1,"24":1,"25":1,"39":0,"40":0,"41":0,"44":0,"45":0,"46":0,"47":0},"path":"/home/gabriel/audits/mothership-audit/contracts/ReferalsTokenHolder.sol","s":{"1":2,"2":2,"3":1,"4":1,"5":1,"6":1,"7":1,"8":1,"9":1,"10":0,"11":0,"12":0,"13":0,"14":0},"b":{"1":[1,1],"2":[1,0],"3":[1,0],"4":[1,0],"5":[0,0]},"f":{"1":2,"2":2,"3":0},"fnMap":{"1":{"name":"ReferalsTokenHolder","line":12,"loc":{"start":{"line":12,"column":2},"end":{"line":12,"column":44}}},"2":{"name":"spread","line":16,"loc":{"start":{"line":16,"column":2},"end":{"line":16,"column":81}}},"3":{"name":"claimTokens","line":38,"loc":{"start":{"line":38,"column":2},"end":{"line":38,"column":53}}}},"statementMap":{"1":{"start":{"line":13,"column":4},"end":{"line":13,"column":27}},"2":{"start":{"line":17,"column":4},"end":{"line":17,"column":53}},"3":{"start":{"line":18,"column":4},"end":{"line":18,"column":48}},"4":{"start":{"line":20,"column":4},"end":{"line":20,"column":592}},"5":{"start":{"line":21,"column":6},"end":{"line":21,"column":33}},"6":{"start":{"line":22,"column":6},"end":{"line":22,"column":686}},"7":{"start":{"line":23,"column":8},"end":{"line":23,"column":35}},"8":{"start":{"line":24,"column":8},"end":{"line":24,"column":41}},"9":{"start":{"line":25,"column":8},"end":{"line":25,"column":31}},"10":{"start":{"line":39,"column":4},"end":{"line":39,"column":1191}},"11":{"start":{"line":41,"column":6},"end":{"line":41,"column":12}},"12":{"start":{"line":44,"column":4},"end":{"line":44,"column":40}},"13":{"start":{"line":45,"column":4},"end":{"line":45,"column":39}},"14":{"start":{"line":47,"column":4},"end":{"line":47,"column":45}}},"branchMap":{"1":{"line":17,"type":"if","locations":[{"start":{"line":17,"column":4},"end":{"line":17,"column":4}},{"start":{"line":17,"column":4},"end":{"line":17,"column":4}}]},"2":{"line":18,"type":"if","locations":[{"start":{"line":18,"column":4},"end":{"line":18,"column":4}},{"start":{"line":18,"column":4},"end":{"line":18,"column":4}}]},"3":{"line":22,"type":"if","locations":[{"start":{"line":22,"column":6},"end":{"line":22,"column":6}},{"start":{"line":22,"column":6},"end":{"line":22,"column":6}}]},"4":{"line":24,"type":"if","locations":[{"start":{"line":24,"column":8},"end":{"line":24,"column":8}},{"start":{"line":24,"column":8},"end":{"line":24,"column":8}}]},"5":{"line":39,"type":"if","locations":[{"start":{"line":39,"column":4},"end":{"line":39,"column":4}},{"start":{"line":39,"column":4},"end":{"line":39,"column":4}}]}}},"contracts/SIT.sol":{"l":{},"path":"/home/gabriel/audits/mothership-audit/contracts/SIT.sol","s":{},"b":{},"f":{"1":2},"fnMap":{"1":{"name":"SIT","line":11,"loc":{"start":{"line":11,"column":2},"end":{"line":20,"column":19}}}},"statementMap":{},"branchMap":{}},"contracts/SITExchanger.sol":{"l":{"46":1,"47":1,"48":1,"55":0,"58":0,"61":0,"65":0,"66":0,"68":0,"70":0,"74":0,"78":0,"82":0,"91":0,"103":0,"104":0,"105":0,"106":0,"109":0,"110":0,"111":0,"112":0},"path":"/home/gabriel/audits/mothership-audit/contracts/SITExchanger.sol","s":{"1":1,"2":1,"3":1,"4":0,"5":0,"6":0,"7":0,"8":0,"9":0,"10":0,"11":0,"12":0,"13":0,"14":0,"15":0,"16":0,"17":0,"18":0,"19":0,"20":0,"21":0},"b":{"1":[0,0],"2":[0,0],"3":[0,0],"4":[0,0],"5":[0,0]},"f":{"1":1,"2":0,"3":0,"4":0,"5":0,"6":0,"7":0},"fnMap":{"1":{"name":"SITExchanger","line":45,"loc":{"start":{"line":45,"column":2},"end":{"line":45,"column":74}}},"2":{"name":"collect","line":53,"loc":{"start":{"line":53,"column":2},"end":{"line":53,"column":27}}},"3":{"name":"proxyPayment","line":73,"loc":{"start":{"line":73,"column":2},"end":{"line":73,"column":62}}},"4":{"name":"onTransfer","line":77,"loc":{"start":{"line":77,"column":2},"end":{"line":77,"column":70}}},"5":{"name":"onApprove","line":81,"loc":{"start":{"line":81,"column":2},"end":{"line":81,"column":69}}},"6":{"name":"getBlockNumber","line":90,"loc":{"start":{"line":90,"column":2},"end":{"line":90,"column":63}}},"7":{"name":"claimTokens","line":102,"loc":{"start":{"line":102,"column":2},"end":{"line":102,"column":60}}}},"statementMap":{"1":{"start":{"line":46,"column":4},"end":{"line":46,"column":27}},"2":{"start":{"line":47,"column":4},"end":{"line":47,"column":27}},"3":{"start":{"line":48,"column":4},"end":{"line":48,"column":45}},"4":{"start":{"line":55,"column":4},"end":{"line":55,"column":56}},"5":{"start":{"line":58,"column":4},"end":{"line":58,"column":81}},"6":{"start":{"line":61,"column":4},"end":{"line":61,"column":54}},"7":{"start":{"line":63,"column":4},"end":{"line":63,"column":22}},"8":{"start":{"line":65,"column":4},"end":{"line":65,"column":46}},"9":{"start":{"line":66,"column":4},"end":{"line":66,"column":60}},"10":{"start":{"line":68,"column":4},"end":{"line":68,"column":43}},"11":{"start":{"line":70,"column":4},"end":{"line":70,"column":38}},"12":{"start":{"line":74,"column":4},"end":{"line":74,"column":9}},"13":{"start":{"line":78,"column":4},"end":{"line":78,"column":16}},"14":{"start":{"line":82,"column":4},"end":{"line":82,"column":16}},"15":{"start":{"line":91,"column":4},"end":{"line":91,"column":23}},"16":{"start":{"line":103,"column":4},"end":{"line":103,"column":34}},"17":{"start":{"line":104,"column":4},"end":{"line":104,"column":3429}},"18":{"start":{"line":106,"column":6},"end":{"line":106,"column":12}},"19":{"start":{"line":109,"column":4},"end":{"line":109,"column":40}},"20":{"start":{"line":110,"column":4},"end":{"line":110,"column":42}},"21":{"start":{"line":112,"column":4},"end":{"line":112,"column":45}}},"branchMap":{"1":{"line":55,"type":"if","locations":[{"start":{"line":55,"column":4},"end":{"line":55,"column":4}},{"start":{"line":55,"column":4},"end":{"line":55,"column":4}}]},"2":{"line":63,"type":"if","locations":[{"start":{"line":63,"column":4},"end":{"line":63,"column":4}},{"start":{"line":63,"column":4},"end":{"line":63,"column":4}}]},"3":{"line":68,"type":"if","locations":[{"start":{"line":68,"column":4},"end":{"line":68,"column":4}},{"start":{"line":68,"column":4},"end":{"line":68,"column":4}}]},"4":{"line":103,"type":"if","locations":[{"start":{"line":103,"column":4},"end":{"line":103,"column":4}},{"start":{"line":103,"column":4},"end":{"line":103,"column":4}}]},"5":{"line":104,"type":"if","locations":[{"start":{"line":104,"column":4},"end":{"line":104,"column":4}},{"start":{"line":104,"column":4},"end":{"line":104,"column":4}}]}}},"contracts/test/ContributionMock.sol":{"l":{"12":6,"16":1},"path":"/home/gabriel/audits/mothership-audit/contracts/test/ContributionMock.sol","s":{"1":6,"2":1},"b":{},"f":{"1":1,"2":6,"3":1},"fnMap":{"1":{"name":"ContributionMock","line":9,"loc":{"start":{"line":9,"column":2},"end":{"line":9,"column":44}}},"2":{"name":"getBlockNumber","line":11,"loc":{"start":{"line":11,"column":2},"end":{"line":11,"column":60}}},"3":{"name":"setMockedBlockNumber","line":15,"loc":{"start":{"line":15,"column":2},"end":{"line":15,"column":47}}}},"statementMap":{"1":{"start":{"line":12,"column":4},"end":{"line":12,"column":27}},"2":{"start":{"line":16,"column":4},"end":{"line":16,"column":24}}},"branchMap":{}},"contracts/test/MSPMock.sol":{"l":{"12":7,"16":1},"path":"/home/gabriel/audits/mothership-audit/contracts/test/MSPMock.sol","s":{"1":7,"2":1},"b":{},"f":{"1":1,"2":7,"3":1},"fnMap":{"1":{"name":"MSPMock","line":9,"loc":{"start":{"line":9,"column":2},"end":{"line":9,"column":60}}},"2":{"name":"getBlockNumber","line":11,"loc":{"start":{"line":11,"column":2},"end":{"line":11,"column":60}}},"3":{"name":"setMockedBlockNumber","line":15,"loc":{"start":{"line":15,"column":2},"end":{"line":15,"column":47}}}},"statementMap":{"1":{"start":{"line":12,"column":4},"end":{"line":12,"column":27}},"2":{"start":{"line":16,"column":4},"end":{"line":16,"column":24}}},"branchMap":{}},"contracts/test/MSPPlaceholderMock.sol":{"l":{"13":1,"17":0,"21":0},"path":"/home/gabriel/audits/mothership-audit/contracts/test/MSPPlaceholderMock.sol","s":{"1":1,"2":0,"3":0},"b":{},"f":{"1":1,"2":0,"3":0},"fnMap":{"1":{"name":"MSPPlaceholderMock","line":11,"loc":{"start":{"line":11,"column":2},"end":{"line":12,"column":69}}},"2":{"name":"getTime","line":16,"loc":{"start":{"line":16,"column":2},"end":{"line":16,"column":44}}},"3":{"name":"setMockedTime","line":20,"loc":{"start":{"line":20,"column":2},"end":{"line":20,"column":40}}}},"statementMap":{"1":{"start":{"line":13,"column":4},"end":{"line":13,"column":18}},"2":{"start":{"line":17,"column":4},"end":{"line":17,"column":20}},"3":{"start":{"line":21,"column":4},"end":{"line":21,"column":17}}},"branchMap":{}},"contracts/test/SITExchangerMock.sol":{"l":{"13":0,"17":0},"path":"/home/gabriel/audits/mothership-audit/contracts/test/SITExchangerMock.sol","s":{"1":0,"2":0},"b":{},"f":{"1":0,"2":0,"3":0},"fnMap":{"1":{"name":"SITExchangerMock","line":9,"loc":{"start":{"line":9,"column":4},"end":{"line":10,"column":50}}},"2":{"name":"getBlockNumber","line":12,"loc":{"start":{"line":12,"column":4},"end":{"line":12,"column":60}}},"3":{"name":"setMockedBlockNumber","line":16,"loc":{"start":{"line":16,"column":4},"end":{"line":16,"column":47}}}},"statementMap":{"1":{"start":{"line":13,"column":8},"end":{"line":13,"column":31}},"2":{"start":{"line":17,"column":8},"end":{"line":17,"column":28}}},"branchMap":{}},"contracts/test/SITMock.sol":{"l":{"12":25,"16":1},"path":"/home/gabriel/audits/mothership-audit/contracts/test/SITMock.sol","s":{"1":25,"2":1},"b":{},"f":{"1":2,"2":25,"3":1},"fnMap":{"1":{"name":"SITMock","line":9,"loc":{"start":{"line":9,"column":2},"end":{"line":9,"column":60}}},"2":{"name":"getBlockNumber","line":11,"loc":{"start":{"line":11,"column":2},"end":{"line":11,"column":60}}},"3":{"name":"setMockedBlockNumber","line":15,"loc":{"start":{"line":15,"column":2},"end":{"line":15,"column":47}}}},"statementMap":{"1":{"start":{"line":12,"column":4},"end":{"line":12,"column":27}},"2":{"start":{"line":16,"column":4},"end":{"line":16,"column":24}}},"branchMap":{}}}