TN:
SF:/home/gabriel/audits/mothership-audit/contracts/Contribution.sol
FN:65,initialized
FN:70,contributionOpen
FN:78,notPaused
FN:83,Contribution
FN:103,initialize
FN:166,setMinimumInvestment
FN:174,
FN:187,proxyPayment
FN:193,onTransfer
FN:197,onApprove
FN:201,doBuy
FN:256,isContract
FN:265,finalized
FN:273,finalize
FN:301,percent
FN:311,tokensIssued
FN:316,tokensForSale
FN:326,getBlockNumber
FN:339,claimTokens
FN:356,pauseContribution
FN:361,resumeContribution
FNF:21
FNH:11
FNDA:1,initialized
FNDA:1,contributionOpen
FNDA:1,notPaused
FNDA:1,Contribution
FNDA:1,initialize
FNDA:1,setMinimumInvestment
FNDA:0,
FNDA:1,proxyPayment
FNDA:0,onTransfer
FNDA:0,onApprove
FNDA:1,doBuy
FNDA:1,isContract
FNDA:0,finalized
FNDA:0,finalize
FNDA:2,percent
FNDA:0,tokensIssued
FNDA:1,tokensForSale
FNDA:0,getBlockNumber
FNDA:0,claimTokens
FNDA:0,pauseContribution
FNDA:0,resumeContribution
DA:66,1
DA:67,1
DA:71,1
DA:75,1
DA:79,1
DA:80,1
DA:85,1
DA:122,1
DA:124,1
DA:125,1
DA:126,1
DA:129,1
DA:130,1
DA:132,1
DA:133,1
DA:135,1
DA:136,1
DA:137,1
DA:138,1
DA:140,1
DA:141,1
DA:143,1
DA:144,1
DA:146,1
DA:147,1
DA:149,1
DA:150,1
DA:152,1
DA:153,1
DA:156,1
DA:157,1
DA:160,1
DA:162,1
DA:163,1
DA:169,1
DA:175,0
DA:188,1
DA:189,1
DA:190,0
DA:194,0
DA:198,0
DA:202,1
DA:203,1
DA:206,1
DA:207,1
DA:208,1
DA:210,0
DA:214,1
DA:216,1
DA:217,1
DA:219,1
DA:220,1
DA:221,1
DA:222,1
DA:223,1
DA:226,1
DA:227,0
DA:228,0
DA:231,1
DA:232,1
DA:233,1
DA:234,1
DA:236,0
DA:240,1
DA:241,0
DA:245,0
DA:246,0
DA:248,0
DA:257,1
DA:258,1
DA:259,1
DA:262,1
DA:266,0
DA:274,0
DA:275,0
DA:276,0
DA:277,0
DA:279,0
DA:280,0
DA:283,0
DA:288,0
DA:293,0
DA:297,0
DA:298,0
DA:302,2
DA:312,0
DA:317,1
DA:327,0
DA:340,0
DA:341,0
DA:343,0
DA:344,0
DA:345,0
DA:348,0
DA:349,0
DA:350,0
DA:351,0
DA:357,0
DA:362,0
LF:99
LH:62
BRDA:66,1,0,1
BRDA:66,1,1,0
BRDA:71,2,0,1
BRDA:71,2,1,0
BRDA:79,3,0,1
BRDA:79,3,1,0
BRDA:122,4,0,1
BRDA:122,4,1,0
BRDA:125,5,0,1
BRDA:125,5,1,0
BRDA:126,6,0,1
BRDA:126,6,1,0
BRDA:127,7,0,1
BRDA:127,7,1,0
BRDA:129,8,0,1
BRDA:129,8,1,0
BRDA:132,9,0,1
BRDA:132,9,1,0
BRDA:135,10,0,1
BRDA:135,10,1,0
BRDA:136,11,0,1
BRDA:136,11,1,0
BRDA:140,12,0,1
BRDA:140,12,1,0
BRDA:143,13,0,1
BRDA:143,13,1,0
BRDA:146,14,0,1
BRDA:146,14,1,0
BRDA:149,15,0,1
BRDA:149,15,1,0
BRDA:152,16,0,1
BRDA:152,16,1,0
BRDA:156,17,0,1
BRDA:156,17,1,0
BRDA:188,18,0,1
BRDA:188,18,1,0
BRDA:202,19,0,1
BRDA:202,19,1,0
BRDA:203,20,0,1
BRDA:203,20,1,0
BRDA:207,21,0,1
BRDA:207,21,1,0
BRDA:214,22,0,1
BRDA:214,22,1,0
BRDA:216,23,0,1
BRDA:216,23,1,0
BRDA:221,24,0,1
BRDA:221,24,1,0
BRDA:222,25,0,1
BRDA:222,25,1,0
BRDA:226,26,0,0
BRDA:226,26,1,1
BRDA:231,27,0,1
BRDA:231,27,1,0
BRDA:241,28,0,0
BRDA:241,28,1,0
BRDA:245,29,0,0
BRDA:245,29,1,0
BRDA:257,30,0,0
BRDA:257,30,1,1
BRDA:274,31,0,0
BRDA:274,31,1,0
BRDA:275,32,0,0
BRDA:275,32,1,0
BRDA:276,33,0,0
BRDA:276,33,1,0
BRDA:277,34,0,0
BRDA:277,34,1,0
BRDA:283,35,0,0
BRDA:283,35,1,0
BRDA:288,36,0,0
BRDA:288,36,1,0
BRDA:293,37,0,0
BRDA:293,37,1,0
BRDA:340,38,0,0
BRDA:340,38,1,0
BRDA:343,39,0,0
BRDA:343,39,1,0
BRF:78
BRH:28
end_of_record
TN:
SF:/home/gabriel/audits/mothership-audit/contracts/ContributionWallet.sol
FN:48,ContributionWallet
FN:58,
FN:61,withdraw
FNF:3
FNH:2
FNDA:1,ContributionWallet
FNDA:1,
FNDA:0,withdraw
DA:49,1
DA:50,1
DA:51,1
DA:52,1
DA:53,1
DA:54,1
DA:64,0
DA:66,0
LF:8
LH:6
BRDA:49,1,0,1
BRDA:49,1,1,0
BRDA:50,2,0,1
BRDA:50,2,1,0
BRDA:51,3,0,1
BRDA:51,3,1,0
BRDA:62,4,0,0
BRDA:62,4,1,0
BRDA:64,5,0,0
BRDA:64,5,1,0
BRF:10
BRH:3
end_of_record
TN:
SF:/home/gabriel/audits/mothership-audit/contracts/interface/ApproveAndCallReceiver.sol
FNF:0
FNH:0
LF:0
LH:0
BRF:0
BRH:0
end_of_record
TN:
SF:/home/gabriel/audits/mothership-audit/contracts/interface/Burnable.sol
FN:17,onlyControllerOrBurner
FN:22,onlyBurner
FN:28,Burnable
FN:32,changeBurner
FNF:4
FNH:4
FNDA:4,onlyControllerOrBurner
FNDA:1,onlyBurner
FNDA:21,Burnable
FNDA:1,changeBurner
DA:18,4
DA:19,2
DA:23,1
DA:24,1
DA:33,1
LF:5
LH:5
BRDA:18,1,0,2
BRDA:18,1,1,2
BRDA:23,2,0,1
BRDA:23,2,1,0
BRF:4
BRH:3
end_of_record
TN:
SF:/home/gabriel/audits/mothership-audit/contracts/interface/Controlled.sol
FN:14,onlyController
FN:18,Controlled
FN:22,changeController
FNF:3
FNH:3
FNDA:63,onlyController
FNDA:26,Controlled
FNDA:17,changeController
DA:23,17
LF:1
LH:1
BRDA:14,1,0,3
BRDA:14,1,1,60
BRF:2
BRH:2
end_of_record
TN:
SF:/home/gabriel/audits/mothership-audit/contracts/interface/ERC20Token.sol
FNF:0
FNH:0
LF:0
LH:0
BRF:0
BRH:0
end_of_record
TN:
SF:/home/gabriel/audits/mothership-audit/contracts/interface/Finalizable.sol
FNF:0
FNH:0
LF:0
LH:0
BRF:0
BRH:0
end_of_record
TN:
SF:/home/gabriel/audits/mothership-audit/contracts/interface/MiniMeTokenI.sol
FNF:0
FNH:0
LF:0
LH:0
BRF:0
BRH:0
end_of_record
TN:
SF:/home/gabriel/audits/mothership-audit/contracts/interface/TokenController.sol
FNF:0
FNH:0
LF:0
LH:0
BRF:0
BRH:0
end_of_record
TN:
SF:/home/gabriel/audits/mothership-audit/contracts/MiniMeToken.sol
FN:86,MiniMeToken
FN:114,transfer
FN:125,transferFrom
FN:148,doTransfer
FN:191,balanceOf
FN:201,approve
FN:226,allowance
FN:238,approveAndCall
FN:260,totalSupply
FN:273,balanceOfAt
FN:299,totalSupplyAt
FN:334,createCloneToken
FN:366,generateTokens
FN:383,destroyTokens
FN:402,enableTransfers
FN:414,getValueAt
FN:441,updateValueAtNow
FN:457,isContract
FN:467,min
FN:474,
FN:489,getBlockNumber
FN:501,claimTokens
FN:548,createCloneToken
FNF:23
FNH:21
FNDA:21,MiniMeToken
FNDA:6,transfer
FNDA:8,transferFrom
FNDA:10,doTransfer
FNDA:61,balanceOf
FNDA:6,approve
FNDA:5,allowance
FNDA:0,approveAndCall
FNDA:8,totalSupply
FNDA:84,balanceOfAt
FNDA:8,totalSupplyAt
FNDA:1,createCloneToken
FNDA:23,generateTokens
FNDA:2,destroyTokens
FNDA:16,enableTransfers
FNDA:76,getValueAt
FNDA:68,updateValueAtNow
FNDA:17,isContract
FNDA:4,min
FNDA:2,
FNDA:198,getBlockNumber
FNDA:0,claimTokens
FNDA:1,createCloneToken
DA:95,21
DA:99,21
DA:100,21
DA:101,21
DA:102,21
DA:115,6
DA:116,5
DA:132,8
DA:133,8
DA:136,8
DA:137,5
DA:139,5
DA:151,10
DA:152,0
DA:155,10
DA:158,10
DA:162,10
DA:163,10
DA:164,1
DA:168,9
DA:169,1
DA:170,0
DA:175,9
DA:179,9
DA:181,9
DA:184,9
DA:186,9
DA:192,61
DA:202,6
DA:208,6
DA:211,6
DA:212,0
DA:213,0
DA:216,6
DA:217,6
DA:218,6
DA:228,5
DA:240,0
DA:248,0
DA:255,0
DA:261,8
DA:280,84
DA:282,37
DA:283,4
DA:286,33
DA:291,47
DA:305,8
DA:307,4
DA:308,0
DA:310,4
DA:315,4
DA:340,1
DA:341,1
DA:350,1
DA:353,1
DA:354,1
DA:367,23
DA:369,23
DA:370,23
DA:372,23
DA:373,23
DA:374,23
DA:384,2
DA:385,2
DA:386,2
DA:387,2
DA:388,2
DA:389,2
DA:390,2
DA:391,2
DA:402,16
DA:415,76
DA:418,57
DA:419,57
DA:420,0
DA:423,0
DA:424,0
DA:425,0
DA:426,0
DA:427,0
DA:428,0
DA:430,0
DA:433,0
DA:442,68
DA:444,67
DA:445,67
DA:446,67
DA:448,1
DA:449,1
DA:457,17
DA:458,17
DA:459,5
DA:462,5
DA:467,4
DA:474,2
DA:475,1
DA:476,0
DA:478,1
DA:489,198
DA:501,0
DA:502,0
DA:503,0
DA:506,0
DA:507,0
DA:508,0
DA:509,0
DA:555,1
DA:565,1
DA:566,1
LF:109
LH:84
BRDA:115,1,0,1
BRDA:115,1,1,5
BRDA:132,2,0,8
BRDA:132,2,1,0
BRDA:133,3,0,0
BRDA:133,3,1,8
BRDA:136,4,0,3
BRDA:136,4,1,5
BRDA:151,5,0,0
BRDA:151,5,1,10
BRDA:155,6,0,0
BRDA:155,6,1,10
BRDA:158,7,0,0
BRDA:158,7,1,10
BRDA:163,8,0,1
BRDA:163,8,1,9
BRDA:168,9,0,1
BRDA:168,9,1,8
BRDA:169,10,0,0
BRDA:169,10,1,1
BRDA:180,11,0,0
BRDA:180,11,1,9
BRDA:202,12,0,0
BRDA:202,12,1,6
BRDA:208,13,0,0
BRDA:208,13,1,6
BRDA:211,14,0,0
BRDA:211,14,1,6
BRDA:212,15,0,0
BRDA:212,15,1,0
BRDA:240,16,0,0
BRDA:240,16,1,0
BRDA:281,17,0,37
BRDA:281,17,1,47
BRDA:283,18,0,4
BRDA:283,18,1,33
BRDA:306,19,0,4
BRDA:306,19,1,4
BRDA:308,20,0,0
BRDA:308,20,1,4
BRDA:341,21,0,0
BRDA:341,21,1,1
BRDA:369,22,0,0
BRDA:369,22,1,23
BRDA:372,23,0,0
BRDA:372,23,1,23
BRDA:386,24,0,0
BRDA:386,24,1,2
BRDA:389,25,0,0
BRDA:389,25,1,2
BRDA:416,26,0,19
BRDA:416,26,1,57
BRDA:419,27,0,57
BRDA:419,27,1,0
BRDA:421,28,0,0
BRDA:421,28,1,0
BRDA:428,29,0,0
BRDA:428,29,1,0
BRDA:443,30,0,67
BRDA:443,30,1,1
BRDA:459,31,0,12
BRDA:459,31,1,5
BRDA:475,32,0,1
BRDA:475,32,1,1
BRDA:476,33,0,0
BRDA:476,33,1,0
BRDA:502,34,0,0
BRDA:502,34,1,0
BRF:68
BRH:39
end_of_record
TN:
SF:/home/gabriel/audits/mothership-audit/contracts/misc/Migrations.sol
FN:7,restricted
FN:11,Migrations
FN:15,setCompleted
FN:19,upgrade
FNF:4
FNH:1
FNDA:0,restricted
FNDA:1,Migrations
FNDA:0,setCompleted
FNDA:0,upgrade
DA:8,0
DA:12,1
DA:16,0
DA:20,0
DA:21,0
LF:5
LH:1
BRDA:8,1,0,0
BRDA:8,1,1,0
BRF:2
BRH:0
end_of_record
TN:
SF:/home/gabriel/audits/mothership-audit/contracts/misc/SafeMath.sol
FN:8,mul
FN:14,div
FN:21,sub
FN:26,add
FN:32,max64
FN:36,min64
FN:40,max256
FN:44,min256
FNF:8
FNH:4
FNDA:4,mul
FNDA:1,div
FNDA:2,sub
FNDA:1,add
FNDA:0,max64
FNDA:0,min64
FNDA:0,max256
FNDA:0,min256
DA:9,4
DA:10,4
DA:11,4
DA:16,1
DA:18,1
DA:22,2
DA:23,1
DA:27,1
DA:28,1
DA:29,1
DA:33,0
DA:37,0
DA:41,0
DA:45,0
LF:14
LH:10
BRDA:10,1,0,4
BRDA:10,1,1,0
BRDA:22,2,0,1
BRDA:22,2,1,1
BRDA:28,3,0,1
BRDA:28,3,1,0
BRF:6
BRH:4
end_of_record
TN:
SF:/home/gabriel/audits/mothership-audit/contracts/MSP.sol
FN:11,MSP
FNF:1
FNH:1
FNDA:17,MSP
LF:0
LH:0
BRF:0
BRH:0
end_of_record
TN:
SF:/home/gabriel/audits/mothership-audit/contracts/MSPPlaceholder.sol
FN:53,MSPPlaceHolder
FN:64,changeController
FN:75,proxyPayment
FN:79,onTransfer
FN:83,onApprove
FN:87,transferable
FN:106,getTime
FN:119,claimTokens
FNF:8
FNH:1
FNDA:1,MSPPlaceHolder
FNDA:0,changeController
FNDA:0,proxyPayment
FNDA:0,onTransfer
FNDA:0,onApprove
FNDA:0,transferable
FNDA:0,getTime
FNDA:0,claimTokens
DA:54,1
DA:55,1
DA:56,1
DA:57,1
DA:65,0
DA:66,0
DA:76,0
DA:80,0
DA:84,0
DA:89,0
DA:90,0
DA:91,0
DA:92,0
DA:94,0
DA:97,0
DA:107,0
DA:120,0
DA:121,0
DA:123,0
DA:124,0
DA:125,0
DA:128,0
DA:129,0
DA:130,0
DA:131,0
LF:25
LH:4
BRDA:89,1,0,0
BRDA:89,1,1,0
BRDA:91,2,0,0
BRDA:91,2,1,0
BRDA:120,3,0,0
BRDA:120,3,1,0
BRDA:123,4,0,0
BRDA:123,4,1,0
BRF:8
BRH:0
end_of_record
TN:
SF:/home/gabriel/audits/mothership-audit/contracts/MultiSigWallet.sol
FN:34,onlyWallet
FN:40,ownerDoesNotExist
FN:46,ownerExists
FN:52,transactionExists
FN:58,confirmed
FN:64,notConfirmed
FN:70,notExecuted
FN:76,notNull
FN:82,validRequirement
FN:92,
FN:105,MultiSigWallet
FN:120,addOwner
FN:134,removeOwner
FN:154,replaceOwner
FN:173,changeRequirement
FN:187,submitTransaction
FN:197,confirmTransaction
FN:210,revokeConfirmation
FN:222,executeTransaction
FN:241,isConfirmed
FN:263,addTransaction
FN:285,getConfirmationCount
FN:299,getTransactionCount
FN:312,getOwners
FN:323,getConfirmations
FN:347,getTransactionIds
FNF:26
FNH:2
FNDA:0,onlyWallet
FNDA:0,ownerDoesNotExist
FNDA:0,ownerExists
FNDA:0,transactionExists
FNDA:0,confirmed
FNDA:0,notConfirmed
FNDA:0,notExecuted
FNDA:0,notNull
FNDA:4,validRequirement
FNDA:0,
FNDA:4,MultiSigWallet
FNDA:0,addOwner
FNDA:0,removeOwner
FNDA:0,replaceOwner
FNDA:0,changeRequirement
FNDA:0,submitTransaction
FNDA:0,confirmTransaction
FNDA:0,revokeConfirmation
FNDA:0,executeTransaction
FNDA:0,isConfirmed
FNDA:0,addTransaction
FNDA:0,getConfirmationCount
FNDA:0,getTransactionCount
FNDA:0,getOwners
FNDA:0,getConfirmations
FNDA:0,getTransactionIds
DA:35,0
DA:36,0
DA:37,0
DA:41,0
DA:42,0
DA:43,0
DA:47,0
DA:48,0
DA:49,0
DA:53,0
DA:54,0
DA:55,0
DA:59,0
DA:60,0
DA:61,0
DA:65,0
DA:66,0
DA:67,0
DA:71,0
DA:72,0
DA:73,0
DA:77,0
DA:78,0
DA:79,0
DA:83,4
DA:87,0
DA:88,4
DA:95,0
DA:96,0
DA:109,4
DA:110,4
DA:111,0
DA:112,4
DA:114,4
DA:115,4
DA:127,0
DA:128,0
DA:129,0
DA:139,0
DA:140,0
DA:141,0
DA:142,0
DA:143,0
DA:145,0
DA:146,0
DA:147,0
DA:148,0
DA:160,0
DA:161,0
DA:162,0
DA:163,0
DA:165,0
DA:166,0
DA:167,0
DA:168,0
DA:178,0
DA:179,0
DA:191,0
DA:192,0
DA:203,0
DA:204,0
DA:205,0
DA:216,0
DA:217,0
DA:226,0
DA:227,0
DA:228,0
DA:229,0
DA:230,0
DA:232,0
DA:233,0
DA:245,0
DA:246,0
DA:247,0
DA:248,0
DA:249,0
DA:250,0
DA:267,0
DA:268,0
DA:274,0
DA:275,0
DA:288,0
DA:289,0
DA:290,0
DA:301,0
DA:302,0
DA:304,0
DA:313,0
DA:323,0
DA:324,0
DA:325,0
DA:326,0
DA:327,0
DA:328,0
DA:329,0
DA:331,0
DA:332,0
DA:333,0
DA:346,0
DA:347,0
DA:348,0
DA:349,0
DA:350,0
DA:353,0
DA:354,0
DA:356,0
DA:357,0
DA:358,0
LF:108
LH:7
BRDA:35,1,0,0
BRDA:35,1,1,0
BRDA:41,2,0,0
BRDA:41,2,1,0
BRDA:47,3,0,0
BRDA:47,3,1,0
BRDA:53,4,0,0
BRDA:53,4,1,0
BRDA:59,5,0,0
BRDA:59,5,1,0
BRDA:65,6,0,0
BRDA:65,6,1,0
BRDA:71,7,0,0
BRDA:71,7,1,0
BRDA:77,8,0,0
BRDA:77,8,1,0
BRDA:83,9,0,0
BRDA:83,9,1,4
BRDA:95,10,0,0
BRDA:95,10,1,0
BRDA:110,11,0,0
BRDA:110,11,1,4
BRDA:141,12,0,0
BRDA:141,12,1,0
BRDA:146,13,0,0
BRDA:146,13,1,0
BRDA:161,14,0,0
BRDA:161,14,1,0
BRDA:226,15,0,0
BRDA:226,15,1,0
BRDA:229,16,0,0
BRDA:229,16,1,0
BRDA:248,17,0,0
BRDA:248,17,1,0
BRDA:250,18,0,0
BRDA:250,18,1,0
BRDA:291,19,0,0
BRDA:291,19,1,0
BRDA:305,20,0,0
BRDA:305,20,1,0
BRDA:332,21,0,0
BRDA:332,21,1,0
BRDA:356,22,0,0
BRDA:356,22,1,0
BRF:44
BRH:2
end_of_record
TN:
SF:/home/gabriel/audits/mothership-audit/contracts/ReferalsTokenHolder.sol
FN:12,ReferalsTokenHolder
FN:16,spread
FN:38,claimTokens
FNF:3
FNH:2
FNDA:2,ReferalsTokenHolder
FNDA:2,spread
FNDA:0,claimTokens
DA:13,2
DA:17,2
DA:18,1
DA:20,1
DA:21,1
DA:22,1
DA:23,1
DA:24,1
DA:25,1
DA:39,0
DA:40,0
DA:41,0
DA:44,0
DA:45,0
DA:46,0
DA:47,0
LF:16
LH:9
BRDA:17,1,0,1
BRDA:17,1,1,1
BRDA:18,2,0,1
BRDA:18,2,1,0
BRDA:22,3,0,1
BRDA:22,3,1,0
BRDA:24,4,0,1
BRDA:24,4,1,0
BRDA:39,5,0,0
BRDA:39,5,1,0
BRF:10
BRH:5
end_of_record
TN:
SF:/home/gabriel/audits/mothership-audit/contracts/SIT.sol
FN:11,SIT
FNF:1
FNH:1
FNDA:2,SIT
LF:0
LH:0
BRF:0
BRH:0
end_of_record
TN:
SF:/home/gabriel/audits/mothership-audit/contracts/SITExchanger.sol
FN:45,SITExchanger
FN:53,collect
FN:73,proxyPayment
FN:77,onTransfer
FN:81,onApprove
FN:90,getBlockNumber
FN:102,claimTokens
FNF:7
FNH:1
FNDA:1,SITExchanger
FNDA:0,collect
FNDA:0,proxyPayment
FNDA:0,onTransfer
FNDA:0,onApprove
FNDA:0,getBlockNumber
FNDA:0,claimTokens
DA:46,1
DA:47,1
DA:48,1
DA:55,0
DA:58,0
DA:61,0
DA:65,0
DA:66,0
DA:68,0
DA:70,0
DA:74,0
DA:78,0
DA:82,0
DA:91,0
DA:103,0
DA:104,0
DA:105,0
DA:106,0
DA:109,0
DA:110,0
DA:111,0
DA:112,0
LF:22
LH:3
BRDA:55,1,0,0
BRDA:55,1,1,0
BRDA:63,2,0,0
BRDA:63,2,1,0
BRDA:68,3,0,0
BRDA:68,3,1,0
BRDA:103,4,0,0
BRDA:103,4,1,0
BRDA:104,5,0,0
BRDA:104,5,1,0
BRF:10
BRH:0
end_of_record
TN:
SF:/home/gabriel/audits/mothership-audit/contracts/test/ContributionMock.sol
FN:9,ContributionMock
FN:11,getBlockNumber
FN:15,setMockedBlockNumber
FNF:3
FNH:3
FNDA:1,ContributionMock
FNDA:6,getBlockNumber
FNDA:1,setMockedBlockNumber
DA:12,6
DA:16,1
LF:2
LH:2
BRF:0
BRH:0
end_of_record
TN:
SF:/home/gabriel/audits/mothership-audit/contracts/test/MSPMock.sol
FN:9,MSPMock
FN:11,getBlockNumber
FN:15,setMockedBlockNumber
FNF:3
FNH:3
FNDA:1,MSPMock
FNDA:7,getBlockNumber
FNDA:1,setMockedBlockNumber
DA:12,7
DA:16,1
LF:2
LH:2
BRF:0
BRH:0
end_of_record
TN:
SF:/home/gabriel/audits/mothership-audit/contracts/test/MSPPlaceholderMock.sol
FN:11,MSPPlaceholderMock
FN:16,getTime
FN:20,setMockedTime
FNF:3
FNH:1
FNDA:1,MSPPlaceholderMock
FNDA:0,getTime
FNDA:0,setMockedTime
DA:13,1
DA:17,0
DA:21,0
LF:3
LH:1
BRF:0
BRH:0
end_of_record
TN:
SF:/home/gabriel/audits/mothership-audit/contracts/test/SITExchangerMock.sol
FN:9,SITExchangerMock
FN:12,getBlockNumber
FN:16,setMockedBlockNumber
FNF:3
FNH:0
FNDA:0,SITExchangerMock
FNDA:0,getBlockNumber
FNDA:0,setMockedBlockNumber
DA:13,0
DA:17,0
LF:2
LH:0
BRF:0
BRH:0
end_of_record
TN:
SF:/home/gabriel/audits/mothership-audit/contracts/test/SITMock.sol
FN:9,SITMock
FN:11,getBlockNumber
FN:15,setMockedBlockNumber
FNF:3
FNH:3
FNDA:2,SITMock
FNDA:25,getBlockNumber
FNDA:1,setMockedBlockNumber
DA:12,25
DA:16,1
LF:2
LH:2
BRF:0
BRH:0
end_of_record
